15:23:21.161 | INFO    | prefect.engine - Created flow run 'merciful-camel' for flow 'Robust Fraud Detection Unified Pipeline'
15:23:21.171 | INFO    | Flow run 'merciful-camel' - View at http://localhost:4200/flow-runs/flow-run/10adea65-7a29-46f7-9878-d7a73b26189d
15:23:21.403 | INFO    | Flow run 'merciful-camel' - Created task run 'Load Data-0' for task 'Load Data'
15:23:21.407 | INFO    | Flow run 'merciful-camel' - Executing 'Load Data-0' immediately...
15:23:35.806 | INFO    | Task run 'Load Data-0' - Finished in state Completed()
15:23:46.196 | INFO    | Flow run 'merciful-camel' - Created task run 'Raw Data EDA-0' for task 'Raw Data EDA'
15:23:46.197 | INFO    | Flow run 'merciful-camel' - Executing 'Raw Data EDA-0' immediately...
Loading Raw Datasets...
Initial Features: 226

>>> Running Raw Data EDA...
C:\Users\hamzz\OneDrive\Documents\GitHub\ML-Project-hehe\project\src\eda_raw.py:151: PerformanceWarning: DataFrame is highly fragmented.  This is usually the result of calling `frame.insert` many times, which has poor performance.  Consider joining all columns at once using pd.concat(axis=1) instead. To get a de-fragmented frame, use `newframe = frame.copy()`
  df['hour'] = (df['TransactionDT'] // 3600) % 24
C:\Users\hamzz\OneDrive\Documents\GitHub\ML-Project-hehe\project\src\eda_raw.py:152: PerformanceWarning: DataFrame is highly fragmented.  This is usually the result of calling `frame.insert` many times, which has poor performance.  Consider joining all columns at once using pd.concat(axis=1) instead. To get a de-fragmented frame, use `newframe = frame.copy()`
  df['dow']  = (df['TransactionDT'] // (3600*24)) % 7
15:26:46.916 | ERROR   | Task run 'Raw Data EDA-0' - Crash detected! Execution was interrupted by an unexpected exception: PrefectHTTPStatusError: Client error '404 Not Found' for url 'http://localhost:4200/api/task_runs/f272d432-5265-4e20-a92c-0b86e583377f/set_state'
Response: {'exception_message': 'Task run with id f272d432-5265-4e20-a92c-0b86e583377f not found'}
For more information check: https://developer.mozilla.org/en-US/docs/Web/HTTP/Status/404
15:26:46.989 | ERROR   | Flow run 'merciful-camel' - Encountered exception during execution:
Traceback (most recent call last):
  File "C:\Users\hamzz\OneDrive\Documents\GitHub\ML-Project-hehe\venv\Lib\site-packages\prefect\engine.py", line 894, in orchestrate_flow_run
    result = await flow_call.aresult()
             ^^^^^^^^^^^^^^^^^^^^^^^^^
  File "C:\Users\hamzz\OneDrive\Documents\GitHub\ML-Project-hehe\venv\Lib\site-packages\prefect\_internal\concurrency\calls.py", line 327, in aresult
    return await asyncio.wrap_future(self.future)
           ^^^^^^^^^^^^^^^^^^^^^^^^^^^^^^^^^^^^^^
  File "C:\Users\hamzz\OneDrive\Documents\GitHub\ML-Project-hehe\venv\Lib\site-packages\prefect\_internal\concurrency\calls.py", line 352, in _run_sync
    result = self.fn(*self.args, **self.kwargs)
             ^^^^^^^^^^^^^^^^^^^^^^^^^^^^^^^^^^
  File "C:\Users\hamzz\OneDrive\Documents\GitHub\ML-Project-hehe\project\pipeline\prefect_flow.py", line 325, in training_pipeline
    raw_eda_task(train_path_str)
  File "C:\Users\hamzz\OneDrive\Documents\GitHub\ML-Project-hehe\venv\Lib\site-packages\prefect\tasks.py", line 716, in __call__
    return enter_task_run_engine(
           ^^^^^^^^^^^^^^^^^^^^^^
  File "C:\Users\hamzz\OneDrive\Documents\GitHub\ML-Project-hehe\venv\Lib\site-packages\prefect\engine.py", line 1469, in enter_task_run_engine
    return from_sync.wait_for_call_in_loop_thread(begin_run)
           ^^^^^^^^^^^^^^^^^^^^^^^^^^^^^^^^^^^^^^^^^^^^^^^^^
  File "C:\Users\hamzz\OneDrive\Documents\GitHub\ML-Project-hehe\venv\Lib\site-packages\prefect\_internal\concurrency\api.py", line 218, in wait_for_call_in_loop_thread
    return call.result()
           ^^^^^^^^^^^^^
  File "C:\Users\hamzz\OneDrive\Documents\GitHub\ML-Project-hehe\venv\Lib\site-packages\prefect\_internal\concurrency\calls.py", line 318, in result
    return self.future.result(timeout=timeout)
           ^^^^^^^^^^^^^^^^^^^^^^^^^^^^^^^^^^^
  File "C:\Users\hamzz\OneDrive\Documents\GitHub\ML-Project-hehe\venv\Lib\site-packages\prefect\_internal\concurrency\calls.py", line 179, in result
    return self.__get_result()
           ^^^^^^^^^^^^^^^^^^^
  File "C:\Program Files\WindowsApps\PythonSoftwareFoundation.Python.3.11_3.11.2544.0_x64__qbz5n2kfra8p0\Lib\concurrent\futures\_base.py", line 401, in __get_result
    raise self._exception
  File "C:\Users\hamzz\OneDrive\Documents\GitHub\ML-Project-hehe\venv\Lib\site-packages\prefect\_internal\concurrency\calls.py", line 389, in _run_async
    result = await coro
             ^^^^^^^^^^
  File "C:\Users\hamzz\OneDrive\Documents\GitHub\ML-Project-hehe\venv\Lib\site-packages\prefect\engine.py", line 1605, in get_task_call_return_value
    return await future._result()
           ^^^^^^^^^^^^^^^^^^^^^^
  File "C:\Users\hamzz\OneDrive\Documents\GitHub\ML-Project-hehe\venv\Lib\site-packages\prefect\futures.py", line 237, in _result
    return await final_state.result(raise_on_failure=raise_on_failure, fetch=True)
           ^^^^^^^^^^^^^^^^^^^^^^^^^^^^^^^^^^^^^^^^^^^^^^^^^^^^^^^^^^^^^^^^^^^^^^^
  File "C:\Users\hamzz\OneDrive\Documents\GitHub\ML-Project-hehe\venv\Lib\site-packages\prefect\states.py", line 91, in _get_state_result
    raise await get_state_exception(state)
  File "C:\Users\hamzz\OneDrive\Documents\GitHub\ML-Project-hehe\venv\Lib\site-packages\prefect\task_runners.py", line 231, in submit
    result = await call()
             ^^^^^^^^^^^^
  File "C:\Users\hamzz\OneDrive\Documents\GitHub\ML-Project-hehe\venv\Lib\site-packages\prefect\engine.py", line 1828, in begin_task_run
    async with AsyncExitStack() as stack:
  File "C:\Program Files\WindowsApps\PythonSoftwareFoundation.Python.3.11_3.11.2544.0_x64__qbz5n2kfra8p0\Lib\contextlib.py", line 745, in __aexit__
    raise exc_details[1]
  File "C:\Program Files\WindowsApps\PythonSoftwareFoundation.Python.3.11_3.11.2544.0_x64__qbz5n2kfra8p0\Lib\contextlib.py", line 728, in __aexit__
    cb_suppress = await cb(*exc_details)
                  ^^^^^^^^^^^^^^^^^^^^^^
  File "C:\Program Files\WindowsApps\PythonSoftwareFoundation.Python.3.11_3.11.2544.0_x64__qbz5n2kfra8p0\Lib\contextlib.py", line 231, in __aexit__
    await self.gen.athrow(typ, value, traceback)
  File "C:\Users\hamzz\OneDrive\Documents\GitHub\ML-Project-hehe\venv\Lib\site-packages\prefect\engine.py", line 2328, in report_task_run_crashes
    await client.set_task_run_state(
  File "C:\Users\hamzz\OneDrive\Documents\GitHub\ML-Project-hehe\venv\Lib\site-packages\prefect\client\orchestration.py", line 2372, in set_task_run_state
    response = await self._client.post(
               ^^^^^^^^^^^^^^^^^^^^^^^^
  File "C:\Users\hamzz\OneDrive\Documents\GitHub\ML-Project-hehe\venv\Lib\site-packages\httpx\_client.py", line 1859, in post
    return await self.request(
           ^^^^^^^^^^^^^^^^^^^
  File "C:\Users\hamzz\OneDrive\Documents\GitHub\ML-Project-hehe\venv\Lib\site-packages\httpx\_client.py", line 1540, in request
    return await self.send(request, auth=auth, follow_redirects=follow_redirects)
           ^^^^^^^^^^^^^^^^^^^^^^^^^^^^^^^^^^^^^^^^^^^^^^^^^^^^^^^^^^^^^^^^^^^^^^
  File "C:\Users\hamzz\OneDrive\Documents\GitHub\ML-Project-hehe\venv\Lib\site-packages\prefect\client\base.py", line 358, in send
    response.raise_for_status()
  File "C:\Users\hamzz\OneDrive\Documents\GitHub\ML-Project-hehe\venv\Lib\site-packages\prefect\client\base.py", line 171, in raise_for_status
    raise PrefectHTTPStatusError.from_httpx_error(exc) from exc.__cause__
prefect.exceptions.PrefectHTTPStatusError: Client error '404 Not Found' for url 'http://localhost:4200/api/task_runs/f272d432-5265-4e20-a92c-0b86e583377f/set_state'
Response: {'exception_message': 'Task run with id f272d432-5265-4e20-a92c-0b86e583377f not found'}
For more information check: https://developer.mozilla.org/en-US/docs/Web/HTTP/Status/404
15:26:47.329 | ERROR   | Flow run 'merciful-camel' - Crash detected! Execution was interrupted by an unexpected exception: PrefectHTTPStatusError: Client error '404 Not Found' for url 'http://localhost:4200/api/task_runs/f272d432-5265-4e20-a92c-0b86e583377f'
Response: {'detail': 'Task not found'}
For more information check: https://developer.mozilla.org/en-US/docs/Web/HTTP/Status/404

============================================================
  RAW DATA EDA
============================================================

[1] Loading data...
  Shape            : 472,432 rows x 228 cols
  Memory           : 861.7 MB
  Dtypes           : {dtype('float64'): 222, dtype('int64'): 6}

[2] Target Distribution...
  Fraud     : 16,530  (3.4989%)
  Safe      : 455,902  (96.5011%)
  Imbalance : 27.6:1  (Safe:Fraud)
  Saved -> 01_target_distribution.png

[3] Missing Value Analysis...
  Cols with any missing : 0
  Cols with 0% missing  : 228
  Cols with >50% missing: 0
  Cols with >95% missing: 0  <- would be pruned
  No missing values found (data is pre-encoded).

[4] TransactionAmt Analysis...
  Mean   : 4.3826
  Median : 4.2460
  Std    : 0.9375
  Skew   : 0.4876
  Fraud mean   : 4.3700  |  Safe mean  : 4.3831
  Fraud std    : 1.1041   |  Safe std   : 0.9309
  Mann-Whitney U p-value: 0.137022  (not significant)
  Saved -> 03_transaction_amount.png

[5] Time-Based Analysis...
  Peak fraud hour (rate): 7 (10.79%)
  Peak fraud dow  (rate): 2 (3.71%)
  Saved -> 04_time_analysis.png

[6] C-Features (Count Features)...
  Count: 14
          mean         std  50%     max
C1   14.032934  132.402160  1.0  4684.0
C2   15.208716  153.289569  1.0  5692.0
C3    0.005542    0.141592  0.0    26.0
C4    4.070294   68.312571  0.0  2252.0
C5    5.552901   25.731393  0.0   349.0
C6    9.037017   70.982727  1.0  2252.0
C7    2.822135   61.099761  0.0  2256.0
C8    5.110987   94.517418  0.0  3332.0
C9    4.467680   16.637458  1.0   210.0
C10   5.204865   94.761080  0.0  3256.0
C11  10.198236   93.546197  1.0  3188.0
C12   4.040871   85.789571  0.0  3188.0
C13  32.418710  128.712660  3.0  2918.0
C14   8.266002   49.233935  1.0  1429.0

  C-features corr with isFraud:
C2     0.037032
C9    -0.031666
C8     0.031596
C12    0.031440
C5    -0.030916
C1     0.030236
C4     0.029772
C10    0.027637
C7     0.027548
C11    0.026972
C6     0.020274
C13   -0.011883
C3    -0.007371
C14    0.007017
  Saved -> 05_c_features.png

[7] D-Features (Timedelta Features)...
  Count: 8
  Missing %:
D1     0.0
D2     0.0
D3     0.0
D4     0.0
D5     0.0
D10    0.0
D11    0.0
D15    0.0
  Corr with isFraud:
D15   -0.074107
D10   -0.070449
D1    -0.066715
D2    -0.064353
D11   -0.055007
D4    -0.054550
D5    -0.040014
D3    -0.038200
  Saved -> 06_d_features.png

[8] V-Features Analysis...
  Count: 180
  Missing > 50%: 0 features
  Missing > 95%: 0 features (would be pruned)

  Top 20 V-features by |corr| with isFraud:
V45    0.234479
V86    0.222771
V87    0.221612
V44    0.216058
V52    0.195926
V51    0.182085
V40    0.173216
V79    0.166694
V38    0.166529
V39    0.165239
V43    0.162573
V94    0.161076
V33    0.159246
V18    0.158227
V17    0.158023
V34    0.156911
V74    0.156455
V81    0.155701
V15    0.155145
V42    0.154630
  Saved -> 07_v_features_corr.png
  Saved -> 08_v_features_missing.png

[9] Correlation Matrix (Top 25 features with isFraud)...
  Saved -> 09_correlation_matrix.png

[10] Redundant Feature Pairs (r > 0.98)...
  Total pairs with r > 0.98: 89
    hour         <-> Transaction_Hour  r=1.0
    dow          <-> Transaction_Day  r=1.0
    V101         <-> V95           r=0.9996
    C12          <-> C7            r=0.9995
    V293         <-> V279          r=0.9995
    V293         <-> V101          r=0.9992
    V279         <-> V95           r=0.999
    V103         <-> V97           r=0.9988
    V279         <-> V101          r=0.9987
    V293         <-> V95           r=0.9987
    V295         <-> V280          r=0.9986
    TransactionDT <-> TransactionID  r=0.9983
    V316         <-> V132          r=0.9974
    V102         <-> V96           r=0.9971
    C10          <-> C8            r=0.997

[11] Category Fraud Rate Analysis...

  ProductCD:
           fraud_rate   count
ProductCD                    
0.116028     0.116700   54987
0.019690     0.057517    9319
0.055922     0.046698   26425
0.063838     0.038147   30251
0.744522     0.020455  351450

  card4:
          fraud_rate   count
card4                       
0.011263    0.077944    5273
0.651551    0.034734  307711
0.320414    0.034293  151547
0.014102    0.030339    6658
0.002670    0.025744    1243

  card6:
          fraud_rate   count
card6                       
0.252288    0.066942  119283
0.002660    0.025000    1240
0.744976    0.024196  351871
0.000025    0.000000      13
0.000051    0.000000      25
  Saved -> 10_category_fraud_rates.png

[12] Outlier Analysis (IQR method on key features)...
       feature  n_outliers       pct  fraud_rate_in_outliers
TransactionAmt       16231  3.435627                0.050397
            C1       47636 10.083144                0.084705
            C2       49749 10.530404                0.086273
            C3        1974  0.417838                0.000507
            C4      111276 23.553866                0.082174
            C5       48341 10.232372                0.009971
  Saved -> 11_outlier_analysis.png

[13] Mann-Whitney U Tests (Top 10 V-features)...
  Feature          U-stat      p-value  Significant
  V45          4486954292     0.00e+00          YES
  V86          4384138362     0.00e+00          YES
  V87          4452291064     0.00e+00          YES
  V44          4406357222     0.00e+00          YES
  V52          4828932068     0.00e+00          YES
  V51          4810452081     0.00e+00          YES
  V40          4750682548     0.00e+00          YES
  V79          4787801728     0.00e+00          YES
  V38          4432553417     0.00e+00          YES
  V39          4739955832     0.00e+00          YES

[14] Exporting JSON data for frontend...
  JSON exported -> raw_eda_data.json

============================================================
  RAW EDA COMPLETE — plots saved to C:\Users\hamzz\OneDrive\Documents\GitHub\ML-Project-hehe\project\artifacts\eda_raw
============================================================
>>> Raw EDA complete. Plots -> C:\Users\hamzz\OneDrive\Documents\GitHub\ML-Project-hehe\project\artifacts\eda_raw
Traceback (most recent call last):
  File "C:\Users\hamzz\OneDrive\Documents\GitHub\ML-Project-hehe\venv\Lib\site-packages\prefect\client\orchestration.py", line 2170, in set_flow_run_state
    response = await self._client.post(
               ^^^^^^^^^^^^^^^^^^^^^^^^
  File "C:\Users\hamzz\OneDrive\Documents\GitHub\ML-Project-hehe\venv\Lib\site-packages\httpx\_client.py", line 1859, in post
    return await self.request(
           ^^^^^^^^^^^^^^^^^^^
  File "C:\Users\hamzz\OneDrive\Documents\GitHub\ML-Project-hehe\venv\Lib\site-packages\httpx\_client.py", line 1540, in request
    return await self.send(request, auth=auth, follow_redirects=follow_redirects)
           ^^^^^^^^^^^^^^^^^^^^^^^^^^^^^^^^^^^^^^^^^^^^^^^^^^^^^^^^^^^^^^^^^^^^^^
  File "C:\Users\hamzz\OneDrive\Documents\GitHub\ML-Project-hehe\venv\Lib\site-packages\prefect\client\base.py", line 358, in send
    response.raise_for_status()
  File "C:\Users\hamzz\OneDrive\Documents\GitHub\ML-Project-hehe\venv\Lib\site-packages\prefect\client\base.py", line 171, in raise_for_status
    raise PrefectHTTPStatusError.from_httpx_error(exc) from exc.__cause__
prefect.exceptions.PrefectHTTPStatusError: Client error '404 Not Found' for url 'http://localhost:4200/api/flow_runs/10adea65-7a29-46f7-9878-d7a73b26189d/set_state'
Response: {'exception_message': 'Flow run with id 10adea65-7a29-46f7-9878-d7a73b26189d not found'}
For more information check: https://developer.mozilla.org/en-US/docs/Web/HTTP/Status/404

The above exception was the direct cause of the following exception:

Traceback (most recent call last):
  File "C:\Users\hamzz\OneDrive\Documents\GitHub\ML-Project-hehe\project\pipeline\prefect_flow.py", line 357, in <module>
    training_pipeline()
  File "C:\Users\hamzz\OneDrive\Documents\GitHub\ML-Project-hehe\venv\Lib\site-packages\prefect\flows.py", line 1289, in __call__
    return enter_flow_run_engine_from_flow_call(
           ^^^^^^^^^^^^^^^^^^^^^^^^^^^^^^^^^^^^^
  File "C:\Users\hamzz\OneDrive\Documents\GitHub\ML-Project-hehe\venv\Lib\site-packages\prefect\engine.py", line 298, in enter_flow_run_engine_from_flow_call
    retval = from_sync.wait_for_call_in_loop_thread(
             ^^^^^^^^^^^^^^^^^^^^^^^^^^^^^^^^^^^^^^^
  File "C:\Users\hamzz\OneDrive\Documents\GitHub\ML-Project-hehe\venv\Lib\site-packages\prefect\_internal\concurrency\api.py", line 218, in wait_for_call_in_loop_thread
    return call.result()
           ^^^^^^^^^^^^^
  File "C:\Users\hamzz\OneDrive\Documents\GitHub\ML-Project-hehe\venv\Lib\site-packages\prefect\_internal\concurrency\calls.py", line 318, in result
    return self.future.result(timeout=timeout)
           ^^^^^^^^^^^^^^^^^^^^^^^^^^^^^^^^^^^
  File "C:\Users\hamzz\OneDrive\Documents\GitHub\ML-Project-hehe\venv\Lib\site-packages\prefect\_internal\concurrency\calls.py", line 179, in result
    return self.__get_result()
           ^^^^^^^^^^^^^^^^^^^
  File "C:\Program Files\WindowsApps\PythonSoftwareFoundation.Python.3.11_3.11.2544.0_x64__qbz5n2kfra8p0\Lib\concurrent\futures\_base.py", line 401, in __get_result
    raise self._exception
  File "C:\Users\hamzz\OneDrive\Documents\GitHub\ML-Project-hehe\venv\Lib\site-packages\prefect\_internal\concurrency\calls.py", line 389, in _run_async
    result = await coro
             ^^^^^^^^^^
  File "C:\Users\hamzz\OneDrive\Documents\GitHub\ML-Project-hehe\venv\Lib\site-packages\prefect\client\utilities.py", line 100, in with_injected_client
    return await fn(*args, **kwargs)
           ^^^^^^^^^^^^^^^^^^^^^^^^^
  File "C:\Users\hamzz\OneDrive\Documents\GitHub\ML-Project-hehe\venv\Lib\site-packages\prefect\engine.py", line 399, in create_then_begin_flow_run
    state = await begin_flow_run(
            ^^^^^^^^^^^^^^^^^^^^^
  File "C:\Users\hamzz\OneDrive\Documents\GitHub\ML-Project-hehe\venv\Lib\site-packages\prefect\engine.py", line 527, in begin_flow_run
    async with AsyncExitStack() as stack:
  File "C:\Program Files\WindowsApps\PythonSoftwareFoundation.Python.3.11_3.11.2544.0_x64__qbz5n2kfra8p0\Lib\contextlib.py", line 745, in __aexit__
    raise exc_details[1]
  File "C:\Program Files\WindowsApps\PythonSoftwareFoundation.Python.3.11_3.11.2544.0_x64__qbz5n2kfra8p0\Lib\contextlib.py", line 728, in __aexit__
    cb_suppress = await cb(*exc_details)
                  ^^^^^^^^^^^^^^^^^^^^^^
  File "C:\Program Files\WindowsApps\PythonSoftwareFoundation.Python.3.11_3.11.2544.0_x64__qbz5n2kfra8p0\Lib\contextlib.py", line 231, in __aexit__
    await self.gen.athrow(typ, value, traceback)
  File "C:\Users\hamzz\OneDrive\Documents\GitHub\ML-Project-hehe\venv\Lib\site-packages\prefect\engine.py", line 2290, in report_flow_run_crashes
    flow_run_state = await propose_state(client, state, flow_run_id=flow_run.id)
                     ^^^^^^^^^^^^^^^^^^^^^^^^^^^^^^^^^^^^^^^^^^^^^^^^^^^^^^^^^^^
  File "C:\Users\hamzz\OneDrive\Documents\GitHub\ML-Project-hehe\venv\Lib\site-packages\prefect\utilities\engine.py", line 387, in propose_state
    response = await set_state_and_handle_waits(set_state)
               ^^^^^^^^^^^^^^^^^^^^^^^^^^^^^^^^^^^^^^^^^^^
  File "C:\Users\hamzz\OneDrive\Documents\GitHub\ML-Project-hehe\venv\Lib\site-packages\prefect\utilities\engine.py", line 371, in set_state_and_handle_waits
    response = await set_state_func()
               ^^^^^^^^^^^^^^^^^^^^^^
  File "C:\Users\hamzz\OneDrive\Documents\GitHub\ML-Project-hehe\venv\Lib\site-packages\prefect\client\orchestration.py", line 2176, in set_flow_run_state
    raise prefect.exceptions.ObjectNotFound(http_exc=e) from e
prefect.exceptions.ObjectNotFound
