\BOOKMARK [1][-]{section.1}{\376\377\000I\000n\000t\000r\000o\000d\000u\000c\000t\000i\000o\000n}{}% 1
\BOOKMARK [2][-]{subsection.1.1}{\376\377\000S\000y\000s\000t\000e\000m\000\040\000A\000r\000c\000h\000i\000t\000e\000c\000t\000u\000r\000e\000\040\000a\000t\000\040\000a\000\040\000G\000l\000a\000n\000c\000e}{section.1}% 2
\BOOKMARK [1][-]{section.2}{\376\377\000D\000a\000t\000a\000\040\000a\000n\000d\000\040\000P\000r\000e\000l\000i\000m\000i\000n\000a\000r\000y\000\040\000A\000n\000a\000l\000y\000s\000i\000s}{}% 3
\BOOKMARK [2][-]{subsection.2.1}{\376\377\000R\000a\000w\000\040\000D\000a\000t\000a\000s\000e\000t\000\040\000O\000v\000e\000r\000v\000i\000e\000w}{section.2}% 4
\BOOKMARK [2][-]{subsection.2.2}{\376\377\000E\000x\000p\000l\000o\000r\000a\000t\000o\000r\000y\000\040\000D\000a\000t\000a\000\040\000A\000n\000a\000l\000y\000s\000i\000s\000\040\000\050\000E\000D\000A\000\051\000\040\000I\000n\000s\000i\000g\000h\000t\000s}{section.2}% 5
\BOOKMARK [2][-]{subsection.2.3}{\376\377\000D\000a\000t\000a\000s\000e\000t\000\040\000B\000a\000l\000a\000n\000c\000e\000\040\000a\000n\000d\000\040\000S\000i\000g\000n\000a\000l\000\040\000D\000i\000s\000t\000r\000i\000b\000u\000t\000i\000o\000n}{section.2}% 6
\BOOKMARK [2][-]{subsection.2.4}{\376\377\000E\000x\000p\000l\000o\000r\000a\000t\000o\000r\000y\000\040\000D\000a\000t\000a\000\040\000A\000n\000a\000l\000y\000s\000i\000s\000\040\000\050\000E\000D\000A\000\051}{section.2}% 7
\BOOKMARK [1][-]{section.3}{\376\377\000M\000e\000t\000h\000o\000d\000o\000l\000o\000g\000y\000\040\000a\000n\000d\000\040\000P\000r\000e\000p\000r\000o\000c\000e\000s\000s\000i\000n\000g}{}% 8
\BOOKMARK [2][-]{subsection.3.1}{\376\377\000M\000e\000t\000h\000o\000d\000o\000l\000o\000g\000y\000\040\000F\000l\000o\000w\000\040\000a\000n\000d\000\040\000S\000t\000a\000g\000e\000\040\000G\000a\000t\000e\000s}{section.3}% 9
\BOOKMARK [2][-]{subsection.3.2}{\376\377\000P\000r\000e\000p\000r\000o\000c\000e\000s\000s\000i\000n\000g\000\040\000P\000h\000i\000l\000o\000s\000o\000p\000h\000y}{section.3}% 10
\BOOKMARK [2][-]{subsection.3.3}{\376\377\000F\000e\000a\000t\000u\000r\000e\000\040\000E\000n\000g\000i\000n\000e\000e\000r\000i\000n\000g\000\040\000i\000n\000\040\000D\000e\000t\000a\000i\000l\000\040\000\050\000T\000h\000e\000o\000r\000e\000t\000i\000c\000a\000l\000\040\000B\000a\000c\000k\000i\000n\000g\000\051}{section.3}% 11
\BOOKMARK [2][-]{subsection.3.4}{\376\377\000W\000h\000y\000\040\000K\000-\000M\000e\000a\000n\000s\000\040\000C\000l\000u\000s\000t\000e\000r\000i\000n\000g\000\040\000I\000m\000p\000r\000o\000v\000e\000s\000\040\000X\000G\000B\000o\000o\000s\000t\000\040\000P\000e\000r\000f\000o\000r\000m\000a\000n\000c\000e}{section.3}% 12
\BOOKMARK [2][-]{subsection.3.5}{\376\377\000P\000o\000s\000t\000-\000P\000r\000e\000p\000r\000o\000c\000e\000s\000s\000i\000n\000g\000\040\000V\000a\000l\000i\000d\000a\000t\000i\000o\000n}{section.3}% 13
\BOOKMARK [1][-]{section.4}{\376\377\000T\000h\000e\000\040\000D\000a\000t\000a\000\040\000T\000r\000a\000n\000s\000f\000o\000r\000m\000a\000t\000i\000o\000n\000:\000\040\000T\000w\000o\000-\000S\000t\000a\000g\000e\000\040\000R\000e\000f\000i\000n\000e\000r\000y\000\040\000P\000r\000o\000c\000e\000s\000s}{}% 14
\BOOKMARK [2][-]{subsection.4.1}{\376\377\000S\000t\000a\000g\000e\000\040\0001\000:\000\040\000T\000h\000e\000\040\000R\000e\000f\000i\000n\000e\000r\000y\000\040\000\050\000N\000o\000t\000e\000b\000o\000o\000k\000\040\0000\0001\000\040\000-\000\040\000P\000r\000e\000p\000r\000o\000c\000e\000s\000s\000i\000n\000g\000\051}{section.4}% 15
\BOOKMARK [3][-]{subsubsection.4.1.1}{\376\377\000M\000e\000m\000o\000r\000y\000\040\000O\000p\000t\000i\000m\000i\000z\000a\000t\000i\000o\000n\000\040\000\050\000r\000e\000d\000u\000c\000e\000\137\000m\000e\000m\000\137\000u\000s\000a\000g\000e\000\051}{subsection.4.1}% 16
\BOOKMARK [3][-]{subsubsection.4.1.2}{\376\377\000T\000h\000e\000\040\000B\000i\000g\000\040\000M\000e\000r\000g\000e\000\040\000\050\000D\000a\000t\000a\000M\000e\000r\000g\000e\000r\000\051}{subsection.4.1}% 17
\BOOKMARK [3][-]{subsubsection.4.1.3}{\376\377\000T\000i\000m\000e\000\040\000E\000n\000g\000i\000n\000e\000e\000r\000i\000n\000g\000\040\000\050\000T\000i\000m\000e\000F\000e\000a\000t\000u\000r\000e\000E\000x\000t\000r\000a\000c\000t\000o\000r\000\051}{subsection.4.1}% 18
\BOOKMARK [3][-]{subsubsection.4.1.4}{\376\377\000S\000k\000e\000w\000n\000e\000s\000s\000\040\000C\000o\000r\000r\000e\000c\000t\000i\000o\000n\000\040\000\050\000L\000o\000g\000T\000r\000a\000n\000s\000f\000o\000r\000m\000e\000r\000\051}{subsection.4.1}% 19
\BOOKMARK [3][-]{subsubsection.4.1.5}{\376\377\000H\000i\000g\000h\000-\000N\000u\000l\000l\000\040\000P\000r\000u\000n\000i\000n\000g\000\040\000\050\000D\000r\000o\000p\000H\000i\000g\000h\000N\000u\000l\000l\000s\000\051}{subsection.4.1}% 20
\BOOKMARK [3][-]{subsubsection.4.1.6}{\376\377\000F\000r\000e\000q\000u\000e\000n\000c\000y\000\040\000E\000n\000c\000o\000d\000i\000n\000g\000\040\000\050\000F\000r\000e\000q\000u\000e\000n\000c\000y\000E\000n\000c\000o\000d\000e\000r\000\051}{subsection.4.1}% 21
\BOOKMARK [3][-]{subsubsection.4.1.7}{\376\377\000F\000i\000n\000a\000l\000\040\000I\000m\000p\000u\000t\000a\000t\000i\000o\000n\000\040\000\050\000M\000e\000d\000i\000a\000n\000\040\000F\000i\000l\000l\000i\000n\000g\000\051}{subsection.4.1}% 22
\BOOKMARK [2][-]{subsection.4.2}{\376\377\000S\000t\000a\000g\000e\000\040\0002\000:\000\040\000T\000h\000e\000\040\000P\000a\000r\000t\000i\000t\000i\000o\000n\000\040\000\050\000N\000o\000t\000e\000b\000o\000o\000k\000\040\0000\0003\000\040\000-\000\040\000D\000a\000t\000a\000\040\000S\000p\000l\000i\000t\000t\000i\000n\000g\000\040\000a\000n\000d\000\040\000B\000a\000l\000a\000n\000c\000i\000n\000g\000\051}{section.4}% 23
\BOOKMARK [3][-]{subsubsection.4.2.1}{\376\377\000S\000t\000r\000a\000t\000i\000f\000i\000e\000d\000\040\000T\000r\000a\000i\000n\000-\000T\000e\000s\000t\000\040\000S\000p\000l\000i\000t\000t\000i\000n\000g}{subsection.4.2}% 24
\BOOKMARK [3][-]{subsubsection.4.2.2}{\376\377\000S\000a\000v\000i\000n\000g\000\040\000t\000h\000e\000\040\000P\000i\000p\000e\000l\000i\000n\000e\000\040\000I\000n\000p\000u\000t\000:\000\040\000t\000r\000a\000i\000n\000\137\000u\000n\000b\000a\000l\000a\000n\000c\000e\000d\000.\000c\000s\000v}{subsection.4.2}% 25
\BOOKMARK [3][-]{subsubsection.4.2.3}{\376\377\000S\000u\000m\000m\000a\000r\000y\000\040\000o\000f\000\040\000t\000h\000e\000\040\000T\000w\000o\000-\000S\000t\000a\000g\000e\000\040\000J\000o\000u\000r\000n\000e\000y}{subsection.4.2}% 26
\BOOKMARK [1][-]{section.5}{\376\377\000M\000o\000d\000e\000l\000\040\000D\000e\000v\000e\000l\000o\000p\000m\000e\000n\000t\000\040\000a\000n\000d\000\040\000C\000o\000m\000p\000a\000r\000i\000s\000o\000n}{}% 27
\BOOKMARK [2][-]{subsection.5.1}{\376\377\000M\000o\000d\000e\000l\000\040\000S\000e\000l\000e\000c\000t\000i\000o\000n\000\040\000S\000p\000e\000c\000t\000r\000u\000m}{section.5}% 28
\BOOKMARK [2][-]{subsection.5.2}{\376\377\000D\000e\000t\000a\000i\000l\000e\000d\000\040\000C\000o\000m\000p\000a\000r\000a\000t\000i\000v\000e\000\040\000M\000o\000d\000e\000l\000\040\000A\000n\000a\000l\000y\000s\000i\000s}{section.5}% 29
\BOOKMARK [2][-]{subsection.5.3}{\376\377\000W\000h\000y\000\040\000X\000G\000B\000o\000o\000s\000t\000\040\000w\000i\000t\000h\000\040\000K\000-\000M\000e\000a\000n\000s\000\040\000C\000l\000u\000s\000t\000e\000r\000i\000n\000g\000\040\000i\000s\000\040\000O\000p\000t\000i\000m\000a\000l}{section.5}% 30
\BOOKMARK [2][-]{subsection.5.4}{\376\377\000T\000h\000e\000o\000r\000e\000t\000i\000c\000a\000l\000\040\000C\000o\000n\000c\000l\000u\000s\000i\000o\000n}{section.5}% 31
\BOOKMARK [2][-]{subsection.5.5}{\376\377\000P\000e\000r\000f\000o\000r\000m\000a\000n\000c\000e\000\040\000B\000e\000n\000c\000h\000m\000a\000r\000k\000i\000n\000g}{section.5}% 32
\BOOKMARK [2][-]{subsection.5.6}{\376\377\000H\000o\000w\000\040\000t\000o\000\040\000R\000e\000a\000d\000\040\000t\000h\000e\000\040\000S\000c\000o\000r\000e\000s}{section.5}% 33
\BOOKMARK [1][-]{section.6}{\376\377\000M\000o\000d\000e\000l\000\040\000D\000e\000s\000i\000g\000n\000\040\000R\000a\000t\000i\000o\000n\000a\000l\000e}{}% 34
\BOOKMARK [2][-]{subsection.6.1}{\376\377\000W\000h\000y\000\040\000N\000o\000t\000\040\000J\000u\000s\000t\000\040\000U\000s\000e\000\040\000a\000\040\000S\000i\000m\000p\000l\000e\000\040\000M\000o\000d\000e\000l\000?}{section.6}% 35
\BOOKMARK [2][-]{subsection.6.2}{\376\377\000I\000m\000b\000a\000l\000a\000n\000c\000e\000\040\000H\000a\000n\000d\000l\000i\000n\000g\000:\000\040\000T\000h\000e\000\040\000C\000o\000r\000e\000\040\000E\000q\000u\000a\000t\000i\000o\000n}{section.6}% 36
\BOOKMARK [2][-]{subsection.6.3}{\376\377\000B\000e\000n\000c\000h\000m\000a\000r\000k\000\040\000C\000o\000n\000t\000e\000x\000t}{section.6}% 37
\BOOKMARK [1][-]{section.7}{\376\377\000M\000o\000d\000e\000l\000\040\000A\000r\000c\000h\000i\000t\000e\000c\000t\000u\000r\000e\000\040\000a\000n\000d\000\040\000H\000y\000p\000e\000r\000p\000a\000r\000a\000m\000e\000t\000e\000r\000\040\000J\000u\000s\000t\000i\000f\000i\000c\000a\000t\000i\000o\000n}{}% 38
\BOOKMARK [2][-]{subsection.7.1}{\376\377\000X\000G\000B\000o\000o\000s\000t\000\040\000a\000s\000\040\000t\000h\000e\000\040\000C\000o\000r\000e\000\040\000L\000e\000a\000r\000n\000e\000r}{section.7}% 39
\BOOKMARK [2][-]{subsection.7.2}{\376\377\000H\000y\000p\000e\000r\000p\000a\000r\000a\000m\000e\000t\000e\000r\000\040\000S\000e\000l\000e\000c\000t\000i\000o\000n\000\040\000a\000n\000d\000\040\000T\000h\000e\000o\000r\000e\000t\000i\000c\000a\000l\000\040\000J\000u\000s\000t\000i\000f\000i\000c\000a\000t\000i\000o\000n}{section.7}% 40
\BOOKMARK [2][-]{subsection.7.3}{\376\377\000T\000h\000e\000\040\000R\000o\000l\000e\000\040\000o\000f\000\040\000K\000-\000M\000e\000a\000n\000s\000\040\000i\000n\000\040\000F\000e\000a\000t\000u\000r\000e\000\040\000S\000p\000a\000c\000e\000\040\000S\000i\000m\000p\000l\000i\000f\000i\000c\000a\000t\000i\000o\000n}{section.7}% 41
\BOOKMARK [1][-]{section.8}{\376\377\000S\000e\000r\000v\000i\000n\000g\000,\000\040\000A\000P\000I\000s\000,\000\040\000a\000n\000d\000\040\000O\000p\000e\000r\000a\000t\000i\000o\000n\000s}{}% 42
\BOOKMARK [2][-]{subsection.8.1}{\376\377\000A\000P\000I\000\040\000C\000o\000n\000t\000r\000a\000c\000t\000\040\000a\000n\000d\000\040\000I\000n\000f\000e\000r\000e\000n\000c\000e\000\040\000S\000u\000r\000f\000a\000c\000e}{section.8}% 43
\BOOKMARK [2][-]{subsection.8.2}{\376\377\000H\000o\000w\000,\000\040\000W\000h\000y\000,\000\040\000a\000n\000d\000\040\000W\000h\000e\000n\000\040\000\050\000R\000u\000n\000b\000o\000o\000k\000\051}{section.8}% 44
\BOOKMARK [1][-]{section.9}{\376\377\000T\000h\000e\000\040\000P\000r\000o\000d\000u\000c\000t\000i\000o\000n\000\040\000A\000r\000c\000h\000i\000t\000e\000c\000t\000u\000r\000e}{}% 45
\BOOKMARK [2][-]{subsection.9.1}{\376\377\000S\000y\000s\000t\000e\000m\000\040\000D\000e\000s\000i\000g\000n}{section.9}% 46
\BOOKMARK [2][-]{subsection.9.2}{\376\377\000C\000o\000n\000t\000i\000n\000u\000o\000u\000s\000\040\000I\000n\000t\000e\000g\000r\000a\000t\000i\000o\000n\000\040\000a\000n\000d\000\040\000D\000e\000v\000e\000l\000o\000p\000e\000r\000\040\000E\000x\000p\000e\000r\000i\000e\000n\000c\000e}{section.9}% 47
\BOOKMARK [3][-]{subsubsection.9.2.1}{\376\377\000A\000u\000t\000o\000m\000a\000t\000e\000d\000\040\000S\000m\000o\000k\000e\000\040\000T\000e\000s\000t\000i\000n\000g}{subsection.9.2}% 48
\BOOKMARK [3][-]{subsubsection.9.2.2}{\376\377\000L\000o\000c\000a\000l\000\040\000D\000e\000v\000e\000l\000o\000p\000e\000r\000\040\000A\000u\000t\000o\000m\000a\000t\000i\000o\000n\000\040\000\050\000G\000i\000t\000\040\000H\000o\000o\000k\000s\000\051}{subsection.9.2}% 49
\BOOKMARK [2][-]{subsection.9.3}{\376\377\000P\000r\000e\000f\000e\000c\000t\000\040\000O\000r\000c\000h\000e\000s\000t\000r\000a\000t\000i\000o\000n}{section.9}% 50
\BOOKMARK [1][-]{section.10}{\376\377\000O\000p\000e\000r\000a\000t\000i\000o\000n\000a\000l\000\040\000N\000o\000t\000e\000s\000\040\000a\000n\000d\000\040\000F\000u\000t\000u\000r\000e\000\040\000W\000o\000r\000k}{}% 51
\BOOKMARK [2][-]{subsection.10.1}{\376\377\000H\000o\000w\000\040\000a\000\040\000F\000u\000l\000l\000\040\000R\000u\000n\000\040\000H\000a\000p\000p\000e\000n\000s}{section.10}% 52
\BOOKMARK [2][-]{subsection.10.2}{\376\377\000M\000o\000n\000i\000t\000o\000r\000i\000n\000g\000\040\000a\000n\000d\000\040\000M\000o\000d\000e\000l\000\040\000H\000e\000a\000l\000t\000h}{section.10}% 53
\BOOKMARK [2][-]{subsection.10.3}{\376\377\000F\000u\000t\000u\000r\000e\000\040\000W\000o\000r\000k}{section.10}% 54
\BOOKMARK [2][-]{subsection.10.4}{\376\377\000F\000i\000n\000a\000l\000\040\000O\000b\000s\000e\000r\000v\000a\000t\000i\000o\000n\000s\000\040\000a\000n\000d\000\040\000F\000u\000t\000u\000r\000e\000\040\000W\000o\000r\000k}{section.10}% 55
