This is pdfTeX, Version 3.141592653-2.6-1.40.27 (TeX Live 2025) (preloaded format=pdflatex 2026.2.21)  6 MAY 2026 11:44
entering extended mode
 restricted \write18 enabled.
 file:line:error style messages enabled.
 %&-line parsing enabled.
**/Users/hassan/Library/CloudStorage/OneDrive-HigherEducationCommission/ML-Project-hehe/project/report.tex
(/Users/hassan/Library/CloudStorage/OneDrive-HigherEducationCommission/ML-Project-hehe/project/report.tex
LaTeX2e <2024-11-01> patch level 2
L3 programming layer <2025-01-18>
(/usr/local/texlive/2025/texmf-dist/tex/latex/ieeetran/IEEEtran.cls
Document Class: IEEEtran 2015/08/26 V1.8b by Michael Shell
-- See the "IEEEtran_HOWTO" manual for usage information.
-- http://www.michaelshell.org/tex/ieeetran/
\@IEEEtrantmpdimenA=\dimen141
\@IEEEtrantmpdimenB=\dimen142
\@IEEEtrantmpdimenC=\dimen143
\@IEEEtrantmpcountA=\count196
\@IEEEtrantmpcountB=\count197
\@IEEEtrantmpcountC=\count198
\@IEEEtrantmptoksA=\toks17
LaTeX Font Info:    Trying to load font information for OT1+ppl on input line 503.
(/usr/local/texlive/2025/texmf-dist/tex/latex/psnfss/ot1ppl.fd
File: ot1ppl.fd 2001/06/04 font definitions for OT1/ppl.
)
-- Using IEEE Computer Society mode.
-- Using 8.5in x 11in (letter) paper.
-- Using PDF output.
\@IEEEnormalsizeunitybaselineskip=\dimen144
-- This is a 10 point document.
\CLASSINFOnormalsizebaselineskip=\dimen145
\CLASSINFOnormalsizeunitybaselineskip=\dimen146
\IEEEnormaljot=\dimen147
LaTeX Font Info:    Font shape `OT1/ppl/bx/n' in size <5.01874> not available
(Font)              Font shape `OT1/ppl/b/n' tried instead on input line 1090.
LaTeX Font Info:    Font shape `OT1/ppl/bx/it' in size <5.01874> not available
(Font)              Font shape `OT1/ppl/b/it' tried instead on input line 1090.
LaTeX Font Info:    Font shape `OT1/ppl/bx/n' in size <7.02625> not available
(Font)              Font shape `OT1/ppl/b/n' tried instead on input line 1090.
LaTeX Font Info:    Font shape `OT1/ppl/bx/it' in size <7.02625> not available
(Font)              Font shape `OT1/ppl/b/it' tried instead on input line 1090.
LaTeX Font Info:    Font shape `OT1/ppl/bx/n' in size <8.03> not available
(Font)              Font shape `OT1/ppl/b/n' tried instead on input line 1090.
LaTeX Font Info:    Font shape `OT1/ppl/bx/it' in size <8.03> not available
(Font)              Font shape `OT1/ppl/b/it' tried instead on input line 1090.
LaTeX Font Info:    Font shape `OT1/ppl/bx/n' in size <9.03374> not available
(Font)              Font shape `OT1/ppl/b/n' tried instead on input line 1090.
LaTeX Font Info:    Font shape `OT1/ppl/bx/it' in size <9.03374> not available
(Font)              Font shape `OT1/ppl/b/it' tried instead on input line 1090.
LaTeX Font Info:    Font shape `OT1/ppl/bx/n' in size <9.53561> not available
(Font)              Font shape `OT1/ppl/b/n' tried instead on input line 1090.
LaTeX Font Info:    Font shape `OT1/ppl/bx/it' in size <9.53561> not available
(Font)              Font shape `OT1/ppl/b/it' tried instead on input line 1090.
LaTeX Font Info:    Font shape `OT1/ppl/bx/n' in size <11.04124> not available
(Font)              Font shape `OT1/ppl/b/n' tried instead on input line 1090.
LaTeX Font Info:    Font shape `OT1/ppl/bx/it' in size <11.04124> not available
(Font)              Font shape `OT1/ppl/b/it' tried instead on input line 1090.
LaTeX Font Info:    Font shape `OT1/ppl/bx/n' in size <12.045> not available
(Font)              Font shape `OT1/ppl/b/n' tried instead on input line 1090.
LaTeX Font Info:    Font shape `OT1/ppl/bx/it' in size <12.045> not available
(Font)              Font shape `OT1/ppl/b/it' tried instead on input line 1090.
LaTeX Font Info:    Font shape `OT1/ppl/bx/n' in size <17.06374> not available
(Font)              Font shape `OT1/ppl/b/n' tried instead on input line 1090.
LaTeX Font Info:    Font shape `OT1/ppl/bx/it' in size <17.06374> not available
(Font)              Font shape `OT1/ppl/b/it' tried instead on input line 1090.
LaTeX Font Info:    Font shape `OT1/ppl/bx/n' in size <20.075> not available
(Font)              Font shape `OT1/ppl/b/n' tried instead on input line 1090.
LaTeX Font Info:    Font shape `OT1/ppl/bx/it' in size <20.075> not available
(Font)              Font shape `OT1/ppl/b/it' tried instead on input line 1090.
LaTeX Font Info:    Font shape `OT1/ppl/bx/n' in size <24.09> not available
(Font)              Font shape `OT1/ppl/b/n' tried instead on input line 1090.
LaTeX Font Info:    Font shape `OT1/ppl/bx/it' in size <24.09> not available
(Font)              Font shape `OT1/ppl/b/it' tried instead on input line 1090.
\IEEEquantizedlength=\dimen148
\IEEEquantizedlengthdiff=\dimen149
\IEEEquantizedtextheightdiff=\dimen150
\IEEEilabelindentA=\dimen151
\IEEEilabelindentB=\dimen152
\IEEEilabelindent=\dimen153
\IEEEelabelindent=\dimen154
\IEEEdlabelindent=\dimen155
\IEEElabelindent=\dimen156
\IEEEiednormlabelsep=\dimen157
\IEEEiedmathlabelsep=\dimen158
\IEEEiedtopsep=\skip49
\c@section=\count199
\c@subsection=\count266
\c@subsubsection=\count267
\c@paragraph=\count268
\c@IEEEsubequation=\count269
\abovecaptionskip=\skip50
\belowcaptionskip=\skip51
\c@figure=\count270
\c@table=\count271
\@IEEEeqnnumcols=\count272
\@IEEEeqncolcnt=\count273
\@IEEEsubeqnnumrollback=\count274
\@IEEEquantizeheightA=\dimen159
\@IEEEquantizeheightB=\dimen160
\@IEEEquantizeheightC=\dimen161
\@IEEEquantizeprevdepth=\dimen162
\@IEEEquantizemultiple=\count275
\@IEEEquantizeboxA=\box52
\@IEEEtmpitemindent=\dimen163
\IEEEPARstartletwidth=\dimen164
\c@IEEEbiography=\count276
\@IEEEtranrubishbin=\box53
) (/usr/local/texlive/2025/texmf-dist/tex/latex/base/inputenc.sty
Package: inputenc 2024/02/08 v1.3d Input encoding file
\inpenc@prehook=\toks18
\inpenc@posthook=\toks19
) (/usr/local/texlive/2025/texmf-dist/tex/latex/base/fontenc.sty
Package: fontenc 2021/04/29 v2.0v Standard LaTeX package
LaTeX Font Info:    Trying to load font information for T1+ppl on input line 116.
 (/usr/local/texlive/2025/texmf-dist/tex/latex/psnfss/t1ppl.fd
File: t1ppl.fd 2001/06/04 font definitions for T1/ppl.
)) (/usr/local/texlive/2025/texmf-dist/tex/latex/graphics/graphicx.sty
Package: graphicx 2021/09/16 v1.2d Enhanced LaTeX Graphics (DPC,SPQR)
 (/usr/local/texlive/2025/texmf-dist/tex/latex/graphics/keyval.sty
Package: keyval 2022/05/29 v1.15 key=value parser (DPC)
\KV@toks@=\toks20
) (/usr/local/texlive/2025/texmf-dist/tex/latex/graphics/graphics.sty
Package: graphics 2024/08/06 v1.4g Standard LaTeX Graphics (DPC,SPQR)
 (/usr/local/texlive/2025/texmf-dist/tex/latex/graphics/trig.sty
Package: trig 2023/12/02 v1.11 sin cos tan (DPC)
) (/usr/local/texlive/2025/texmf-dist/tex/latex/graphics-cfg/graphics.cfg
File: graphics.cfg 2016/06/04 v1.11 sample graphics configuration
)
Package graphics Info: Driver file: pdftex.def on input line 106.
 (/usr/local/texlive/2025/texmf-dist/tex/latex/graphics-def/pdftex.def
File: pdftex.def 2024/04/13 v1.2c Graphics/color driver for pdftex
))
\Gin@req@height=\dimen165
\Gin@req@width=\dimen166
) (/usr/local/texlive/2025/texmf-dist/tex/latex/hyperref/hyperref.sty
Package: hyperref 2024-11-05 v7.01l Hypertext links for LaTeX
 (/usr/local/texlive/2025/texmf-dist/tex/generic/iftex/iftex.sty
Package: iftex 2024/12/12 v1.0g TeX engine tests
) (/usr/local/texlive/2025/texmf-dist/tex/latex/kvsetkeys/kvsetkeys.sty
Package: kvsetkeys 2022-10-05 v1.19 Key value parser (HO)
) (/usr/local/texlive/2025/texmf-dist/tex/generic/kvdefinekeys/kvdefinekeys.sty
Package: kvdefinekeys 2019-12-19 v1.6 Define keys (HO)
) (/usr/local/texlive/2025/texmf-dist/tex/generic/pdfescape/pdfescape.sty
Package: pdfescape 2019/12/09 v1.15 Implements pdfTeX's escape features (HO)
 (/usr/local/texlive/2025/texmf-dist/tex/generic/ltxcmds/ltxcmds.sty
Package: ltxcmds 2023-12-04 v1.26 LaTeX kernel commands for general use (HO)
) (/usr/local/texlive/2025/texmf-dist/tex/generic/pdftexcmds/pdftexcmds.sty
Package: pdftexcmds 2020-06-27 v0.33 Utility functions of pdfTeX for LuaTeX (HO)
 (/usr/local/texlive/2025/texmf-dist/tex/generic/infwarerr/infwarerr.sty
Package: infwarerr 2019/12/03 v1.5 Providing info/warning/error messages (HO)
)
Package pdftexcmds Info: \pdf@primitive is available.
Package pdftexcmds Info: \pdf@ifprimitive is available.
Package pdftexcmds Info: \pdfdraftmode found.
)) (/usr/local/texlive/2025/texmf-dist/tex/latex/hycolor/hycolor.sty
Package: hycolor 2020-01-27 v1.10 Color options for hyperref/bookmark (HO)
) (/usr/local/texlive/2025/texmf-dist/tex/latex/hyperref/nameref.sty
Package: nameref 2023-11-26 v2.56 Cross-referencing by name of section
 (/usr/local/texlive/2025/texmf-dist/tex/latex/refcount/refcount.sty
Package: refcount 2019/12/15 v3.6 Data extraction from label references (HO)
) (/usr/local/texlive/2025/texmf-dist/tex/generic/gettitlestring/gettitlestring.sty
Package: gettitlestring 2019/12/15 v1.6 Cleanup title references (HO)
 (/usr/local/texlive/2025/texmf-dist/tex/latex/kvoptions/kvoptions.sty
Package: kvoptions 2022-06-15 v3.15 Key value format for package options (HO)
))
\c@section@level=\count277
) (/usr/local/texlive/2025/texmf-dist/tex/latex/etoolbox/etoolbox.sty
Package: etoolbox 2025/02/11 v2.5l e-TeX tools for LaTeX (JAW)
\etb@tempcnta=\count278
) (/usr/local/texlive/2025/texmf-dist/tex/generic/stringenc/stringenc.sty
Package: stringenc 2019/11/29 v1.12 Convert strings between diff. encodings (HO)
)
\@linkdim=\dimen167
\Hy@linkcounter=\count279
\Hy@pagecounter=\count280
 (/usr/local/texlive/2025/texmf-dist/tex/latex/hyperref/pd1enc.def
File: pd1enc.def 2024-11-05 v7.01l Hyperref: PDFDocEncoding definition (HO)
Now handling font encoding PD1 ...
... no UTF-8 mapping file for font encoding PD1
) (/usr/local/texlive/2025/texmf-dist/tex/generic/intcalc/intcalc.sty
Package: intcalc 2019/12/15 v1.3 Expandable calculations with integers (HO)
)
\Hy@SavedSpaceFactor=\count281
 (/usr/local/texlive/2025/texmf-dist/tex/latex/hyperref/puenc.def
File: puenc.def 2024-11-05 v7.01l Hyperref: PDF Unicode definition (HO)
Now handling font encoding PU ...
... no UTF-8 mapping file for font encoding PU
)
Package hyperref Info: Hyper figures OFF on input line 4157.
Package hyperref Info: Link nesting OFF on input line 4162.
Package hyperref Info: Hyper index ON on input line 4165.
Package hyperref Info: Plain pages OFF on input line 4172.
Package hyperref Info: Backreferencing OFF on input line 4177.
Package hyperref Info: Implicit mode ON; LaTeX internals redefined.
Package hyperref Info: Bookmarks ON on input line 4424.
\c@Hy@tempcnt=\count282
 (/usr/local/texlive/2025/texmf-dist/tex/latex/url/url.sty
\Urlmuskip=\muskip17
Package: url 2013/09/16  ver 3.4  Verb mode for urls, etc.
)
LaTeX Info: Redefining \url on input line 4763.
\XeTeXLinkMargin=\dimen168
 (/usr/local/texlive/2025/texmf-dist/tex/generic/bitset/bitset.sty
Package: bitset 2019/12/09 v1.3 Handle bit-vector datatype (HO)
 (/usr/local/texlive/2025/texmf-dist/tex/generic/bigintcalc/bigintcalc.sty
Package: bigintcalc 2019/12/15 v1.5 Expandable calculations on big integers (HO)
))
\Fld@menulength=\count283
\Field@Width=\dimen169
\Fld@charsize=\dimen170
Package hyperref Info: Hyper figures OFF on input line 6042.
Package hyperref Info: Link nesting OFF on input line 6047.
Package hyperref Info: Hyper index ON on input line 6050.
Package hyperref Info: backreferencing OFF on input line 6057.
Package hyperref Info: Link coloring OFF on input line 6062.
Package hyperref Info: Link coloring with OCG OFF on input line 6067.
Package hyperref Info: PDF/A mode OFF on input line 6072.
 (/usr/local/texlive/2025/texmf-dist/tex/latex/base/atbegshi-ltx.sty
Package: atbegshi-ltx 2021/01/10 v1.0c Emulation of the original atbegshi
package with kernel methods
)
\Hy@abspage=\count284
\c@Item=\count285
\c@Hfootnote=\count286
)
Package hyperref Info: Driver (autodetected): hpdftex.
 (/usr/local/texlive/2025/texmf-dist/tex/latex/hyperref/hpdftex.def
File: hpdftex.def 2024-11-05 v7.01l Hyperref driver for pdfTeX
 (/usr/local/texlive/2025/texmf-dist/tex/latex/base/atveryend-ltx.sty
Package: atveryend-ltx 2020/08/19 v1.0a Emulation of the original atveryend package
with kernel methods
)
\Fld@listcount=\count287
\c@bookmark@seq@number=\count288
 (/usr/local/texlive/2025/texmf-dist/tex/latex/rerunfilecheck/rerunfilecheck.sty
Package: rerunfilecheck 2022-07-10 v1.10 Rerun checks for auxiliary files (HO)
 (/usr/local/texlive/2025/texmf-dist/tex/generic/uniquecounter/uniquecounter.sty
Package: uniquecounter 2019/12/15 v1.4 Provide unlimited unique counter (HO)
)
Package uniquecounter Info: New unique counter `rerunfilecheck' on input line 285.
)
\Hy@SectionHShift=\skip52
) (/usr/local/texlive/2025/texmf-dist/tex/latex/amsmath/amsmath.sty
Package: amsmath 2024/11/05 v2.17t AMS math features
\@mathmargin=\skip53

For additional information on amsmath, use the `?' option.
(/usr/local/texlive/2025/texmf-dist/tex/latex/amsmath/amstext.sty
Package: amstext 2021/08/26 v2.01 AMS text
 (/usr/local/texlive/2025/texmf-dist/tex/latex/amsmath/amsgen.sty
File: amsgen.sty 1999/11/30 v2.0 generic functions
\@emptytoks=\toks21
\ex@=\dimen171
)) (/usr/local/texlive/2025/texmf-dist/tex/latex/amsmath/amsbsy.sty
Package: amsbsy 1999/11/29 v1.2d Bold Symbols
\pmbraise@=\dimen172
) (/usr/local/texlive/2025/texmf-dist/tex/latex/amsmath/amsopn.sty
Package: amsopn 2022/04/08 v2.04 operator names
)
\inf@bad=\count289
LaTeX Info: Redefining \frac on input line 233.
\uproot@=\count290
\leftroot@=\count291
LaTeX Info: Redefining \overline on input line 398.
LaTeX Info: Redefining \colon on input line 409.
\classnum@=\count292
\DOTSCASE@=\count293
LaTeX Info: Redefining \ldots on input line 495.
LaTeX Info: Redefining \dots on input line 498.
LaTeX Info: Redefining \cdots on input line 619.
\Mathstrutbox@=\box54
\strutbox@=\box55
LaTeX Info: Redefining \big on input line 721.
LaTeX Info: Redefining \Big on input line 722.
LaTeX Info: Redefining \bigg on input line 723.
LaTeX Info: Redefining \Bigg on input line 724.
\big@size=\dimen173
LaTeX Font Info:    Redeclaring font encoding OML on input line 742.
LaTeX Font Info:    Redeclaring font encoding OMS on input line 743.
\macc@depth=\count294
LaTeX Info: Redefining \bmod on input line 904.
LaTeX Info: Redefining \pmod on input line 909.
LaTeX Info: Redefining \smash on input line 939.
LaTeX Info: Redefining \relbar on input line 969.
LaTeX Info: Redefining \Relbar on input line 970.
\c@MaxMatrixCols=\count295
\dotsspace@=\muskip18
\c@parentequation=\count296
\dspbrk@lvl=\count297
\tag@help=\toks22
\row@=\count298
\column@=\count299
\maxfields@=\count300
\andhelp@=\toks23
\eqnshift@=\dimen174
\alignsep@=\dimen175
\tagshift@=\dimen176
\tagwidth@=\dimen177
\totwidth@=\dimen178
\lineht@=\dimen179
\@envbody=\toks24
\multlinegap=\skip54
\multlinetaggap=\skip55
\mathdisplay@stack=\toks25
LaTeX Info: Redefining \[ on input line 2953.
LaTeX Info: Redefining \] on input line 2954.
) (/usr/local/texlive/2025/texmf-dist/tex/latex/booktabs/booktabs.sty
Package: booktabs 2020/01/12 v1.61803398 Publication quality tables
\heavyrulewidth=\dimen180
\lightrulewidth=\dimen181
\cmidrulewidth=\dimen182
\belowrulesep=\dimen183
\belowbottomsep=\dimen184
\aboverulesep=\dimen185
\abovetopsep=\dimen186
\cmidrulesep=\dimen187
\cmidrulekern=\dimen188
\defaultaddspace=\dimen189
\@cmidla=\count301
\@cmidlb=\count302
\@aboverulesep=\dimen190
\@belowrulesep=\dimen191
\@thisruleclass=\count303
\@lastruleclass=\count304
\@thisrulewidth=\dimen192
) (/usr/local/texlive/2025/texmf-dist/tex/latex/xcolor/xcolor.sty
Package: xcolor 2024/09/29 v3.02 LaTeX color extensions (UK)
 (/usr/local/texlive/2025/texmf-dist/tex/latex/graphics-cfg/color.cfg
File: color.cfg 2016/01/02 v1.6 sample color configuration
)
Package xcolor Info: Driver file: pdftex.def on input line 274.
 (/usr/local/texlive/2025/texmf-dist/tex/latex/graphics/mathcolor.ltx)
Package xcolor Info: Model `cmy' substituted by `cmy0' on input line 1349.
Package xcolor Info: Model `hsb' substituted by `rgb' on input line 1353.
Package xcolor Info: Model `RGB' extended on input line 1365.
Package xcolor Info: Model `HTML' substituted by `rgb' on input line 1367.
Package xcolor Info: Model `Hsb' substituted by `hsb' on input line 1368.
Package xcolor Info: Model `tHsb' substituted by `hsb' on input line 1369.
Package xcolor Info: Model `HSB' substituted by `hsb' on input line 1370.
Package xcolor Info: Model `Gray' substituted by `gray' on input line 1371.
Package xcolor Info: Model `wave' substituted by `hsb' on input line 1372.
) (/usr/local/texlive/2025/texmf-dist/tex/latex/pgf/frontendlayer/tikz.sty (/usr/local/texlive/2025/texmf-dist/tex/latex/pgf/basiclayer/pgf.sty (/usr/local/texlive/2025/texmf-dist/tex/latex/pgf/utilities/pgfrcs.sty (/usr/local/texlive/2025/texmf-dist/tex/generic/pgf/utilities/pgfutil-common.tex
\pgfutil@everybye=\toks26
\pgfutil@tempdima=\dimen193
\pgfutil@tempdimb=\dimen194
) (/usr/local/texlive/2025/texmf-dist/tex/generic/pgf/utilities/pgfutil-latex.def
\pgfutil@abb=\box56
) (/usr/local/texlive/2025/texmf-dist/tex/generic/pgf/utilities/pgfrcs.code.tex (/usr/local/texlive/2025/texmf-dist/tex/generic/pgf/pgf.revision.tex)
Package: pgfrcs 2023-01-15 v3.1.10 (3.1.10)
))
Package: pgf 2023-01-15 v3.1.10 (3.1.10)
 (/usr/local/texlive/2025/texmf-dist/tex/latex/pgf/basiclayer/pgfcore.sty (/usr/local/texlive/2025/texmf-dist/tex/latex/pgf/systemlayer/pgfsys.sty (/usr/local/texlive/2025/texmf-dist/tex/generic/pgf/systemlayer/pgfsys.code.tex
Package: pgfsys 2023-01-15 v3.1.10 (3.1.10)
 (/usr/local/texlive/2025/texmf-dist/tex/generic/pgf/utilities/pgfkeys.code.tex
\pgfkeys@pathtoks=\toks27
\pgfkeys@temptoks=\toks28
 (/usr/local/texlive/2025/texmf-dist/tex/generic/pgf/utilities/pgfkeyslibraryfiltered.code.tex
\pgfkeys@tmptoks=\toks29
))
\pgf@x=\dimen195
\pgf@y=\dimen196
\pgf@xa=\dimen197
\pgf@ya=\dimen198
\pgf@xb=\dimen199
\pgf@yb=\dimen256
\pgf@xc=\dimen257
\pgf@yc=\dimen258
\pgf@xd=\dimen259
\pgf@yd=\dimen260
\w@pgf@writea=\write3
\r@pgf@reada=\read2
\c@pgf@counta=\count305
\c@pgf@countb=\count306
\c@pgf@countc=\count307
\c@pgf@countd=\count308
\t@pgf@toka=\toks30
\t@pgf@tokb=\toks31
\t@pgf@tokc=\toks32
\pgf@sys@id@count=\count309
 (/usr/local/texlive/2025/texmf-dist/tex/generic/pgf/systemlayer/pgf.cfg
File: pgf.cfg 2023-01-15 v3.1.10 (3.1.10)
)
Driver file for pgf: pgfsys-pdftex.def
 (/usr/local/texlive/2025/texmf-dist/tex/generic/pgf/systemlayer/pgfsys-pdftex.def
File: pgfsys-pdftex.def 2023-01-15 v3.1.10 (3.1.10)
 (/usr/local/texlive/2025/texmf-dist/tex/generic/pgf/systemlayer/pgfsys-common-pdf.def
File: pgfsys-common-pdf.def 2023-01-15 v3.1.10 (3.1.10)
))) (/usr/local/texlive/2025/texmf-dist/tex/generic/pgf/systemlayer/pgfsyssoftpath.code.tex
File: pgfsyssoftpath.code.tex 2023-01-15 v3.1.10 (3.1.10)
\pgfsyssoftpath@smallbuffer@items=\count310
\pgfsyssoftpath@bigbuffer@items=\count311
) (/usr/local/texlive/2025/texmf-dist/tex/generic/pgf/systemlayer/pgfsysprotocol.code.tex
File: pgfsysprotocol.code.tex 2023-01-15 v3.1.10 (3.1.10)
)) (/usr/local/texlive/2025/texmf-dist/tex/generic/pgf/basiclayer/pgfcore.code.tex
Package: pgfcore 2023-01-15 v3.1.10 (3.1.10)
 (/usr/local/texlive/2025/texmf-dist/tex/generic/pgf/math/pgfmath.code.tex (/usr/local/texlive/2025/texmf-dist/tex/generic/pgf/math/pgfmathutil.code.tex) (/usr/local/texlive/2025/texmf-dist/tex/generic/pgf/math/pgfmathparser.code.tex
\pgfmath@dimen=\dimen261
\pgfmath@count=\count312
\pgfmath@box=\box57
\pgfmath@toks=\toks33
\pgfmath@stack@operand=\toks34
\pgfmath@stack@operation=\toks35
) (/usr/local/texlive/2025/texmf-dist/tex/generic/pgf/math/pgfmathfunctions.code.tex) (/usr/local/texlive/2025/texmf-dist/tex/generic/pgf/math/pgfmathfunctions.basic.code.tex) (/usr/local/texlive/2025/texmf-dist/tex/generic/pgf/math/pgfmathfunctions.trigonometric.code.tex) (/usr/local/texlive/2025/texmf-dist/tex/generic/pgf/math/pgfmathfunctions.random.code.tex) (/usr/local/texlive/2025/texmf-dist/tex/generic/pgf/math/pgfmathfunctions.comparison.code.tex) (/usr/local/texlive/2025/texmf-dist/tex/generic/pgf/math/pgfmathfunctions.base.code.tex) (/usr/local/texlive/2025/texmf-dist/tex/generic/pgf/math/pgfmathfunctions.round.code.tex) (/usr/local/texlive/2025/texmf-dist/tex/generic/pgf/math/pgfmathfunctions.misc.code.tex) (/usr/local/texlive/2025/texmf-dist/tex/generic/pgf/math/pgfmathfunctions.integerarithmetics.code.tex) (/usr/local/texlive/2025/texmf-dist/tex/generic/pgf/math/pgfmathcalc.code.tex) (/usr/local/texlive/2025/texmf-dist/tex/generic/pgf/math/pgfmathfloat.code.tex
\c@pgfmathroundto@lastzeros=\count313
)) (/usr/local/texlive/2025/texmf-dist/tex/generic/pgf/math/pgfint.code.tex) (/usr/local/texlive/2025/texmf-dist/tex/generic/pgf/basiclayer/pgfcorepoints.code.tex
File: pgfcorepoints.code.tex 2023-01-15 v3.1.10 (3.1.10)
\pgf@picminx=\dimen262
\pgf@picmaxx=\dimen263
\pgf@picminy=\dimen264
\pgf@picmaxy=\dimen265
\pgf@pathminx=\dimen266
\pgf@pathmaxx=\dimen267
\pgf@pathminy=\dimen268
\pgf@pathmaxy=\dimen269
\pgf@xx=\dimen270
\pgf@xy=\dimen271
\pgf@yx=\dimen272
\pgf@yy=\dimen273
\pgf@zx=\dimen274
\pgf@zy=\dimen275
) (/usr/local/texlive/2025/texmf-dist/tex/generic/pgf/basiclayer/pgfcorepathconstruct.code.tex
File: pgfcorepathconstruct.code.tex 2023-01-15 v3.1.10 (3.1.10)
\pgf@path@lastx=\dimen276
\pgf@path@lasty=\dimen277
) (/usr/local/texlive/2025/texmf-dist/tex/generic/pgf/basiclayer/pgfcorepathusage.code.tex
File: pgfcorepathusage.code.tex 2023-01-15 v3.1.10 (3.1.10)
\pgf@shorten@end@additional=\dimen278
\pgf@shorten@start@additional=\dimen279
) (/usr/local/texlive/2025/texmf-dist/tex/generic/pgf/basiclayer/pgfcorescopes.code.tex
File: pgfcorescopes.code.tex 2023-01-15 v3.1.10 (3.1.10)
\pgfpic=\box58
\pgf@hbox=\box59
\pgf@layerbox@main=\box60
\pgf@picture@serial@count=\count314
) (/usr/local/texlive/2025/texmf-dist/tex/generic/pgf/basiclayer/pgfcoregraphicstate.code.tex
File: pgfcoregraphicstate.code.tex 2023-01-15 v3.1.10 (3.1.10)
\pgflinewidth=\dimen280
) (/usr/local/texlive/2025/texmf-dist/tex/generic/pgf/basiclayer/pgfcoretransformations.code.tex
File: pgfcoretransformations.code.tex 2023-01-15 v3.1.10 (3.1.10)
\pgf@pt@x=\dimen281
\pgf@pt@y=\dimen282
\pgf@pt@temp=\dimen283
) (/usr/local/texlive/2025/texmf-dist/tex/generic/pgf/basiclayer/pgfcorequick.code.tex
File: pgfcorequick.code.tex 2023-01-15 v3.1.10 (3.1.10)
) (/usr/local/texlive/2025/texmf-dist/tex/generic/pgf/basiclayer/pgfcoreobjects.code.tex
File: pgfcoreobjects.code.tex 2023-01-15 v3.1.10 (3.1.10)
) (/usr/local/texlive/2025/texmf-dist/tex/generic/pgf/basiclayer/pgfcorepathprocessing.code.tex
File: pgfcorepathprocessing.code.tex 2023-01-15 v3.1.10 (3.1.10)
) (/usr/local/texlive/2025/texmf-dist/tex/generic/pgf/basiclayer/pgfcorearrows.code.tex
File: pgfcorearrows.code.tex 2023-01-15 v3.1.10 (3.1.10)
\pgfarrowsep=\dimen284
) (/usr/local/texlive/2025/texmf-dist/tex/generic/pgf/basiclayer/pgfcoreshade.code.tex
File: pgfcoreshade.code.tex 2023-01-15 v3.1.10 (3.1.10)
\pgf@max=\dimen285
\pgf@sys@shading@range@num=\count315
\pgf@shadingcount=\count316
) (/usr/local/texlive/2025/texmf-dist/tex/generic/pgf/basiclayer/pgfcoreimage.code.tex
File: pgfcoreimage.code.tex 2023-01-15 v3.1.10 (3.1.10)
) (/usr/local/texlive/2025/texmf-dist/tex/generic/pgf/basiclayer/pgfcoreexternal.code.tex
File: pgfcoreexternal.code.tex 2023-01-15 v3.1.10 (3.1.10)
\pgfexternal@startupbox=\box61
) (/usr/local/texlive/2025/texmf-dist/tex/generic/pgf/basiclayer/pgfcorelayers.code.tex
File: pgfcorelayers.code.tex 2023-01-15 v3.1.10 (3.1.10)
) (/usr/local/texlive/2025/texmf-dist/tex/generic/pgf/basiclayer/pgfcoretransparency.code.tex
File: pgfcoretransparency.code.tex 2023-01-15 v3.1.10 (3.1.10)
) (/usr/local/texlive/2025/texmf-dist/tex/generic/pgf/basiclayer/pgfcorepatterns.code.tex
File: pgfcorepatterns.code.tex 2023-01-15 v3.1.10 (3.1.10)
) (/usr/local/texlive/2025/texmf-dist/tex/generic/pgf/basiclayer/pgfcorerdf.code.tex
File: pgfcorerdf.code.tex 2023-01-15 v3.1.10 (3.1.10)
))) (/usr/local/texlive/2025/texmf-dist/tex/generic/pgf/modules/pgfmoduleshapes.code.tex
File: pgfmoduleshapes.code.tex 2023-01-15 v3.1.10 (3.1.10)
\pgfnodeparttextbox=\box62
) (/usr/local/texlive/2025/texmf-dist/tex/generic/pgf/modules/pgfmoduleplot.code.tex
File: pgfmoduleplot.code.tex 2023-01-15 v3.1.10 (3.1.10)
) (/usr/local/texlive/2025/texmf-dist/tex/latex/pgf/compatibility/pgfcomp-version-0-65.sty
Package: pgfcomp-version-0-65 2023-01-15 v3.1.10 (3.1.10)
\pgf@nodesepstart=\dimen286
\pgf@nodesepend=\dimen287
) (/usr/local/texlive/2025/texmf-dist/tex/latex/pgf/compatibility/pgfcomp-version-1-18.sty
Package: pgfcomp-version-1-18 2023-01-15 v3.1.10 (3.1.10)
)) (/usr/local/texlive/2025/texmf-dist/tex/latex/pgf/utilities/pgffor.sty (/usr/local/texlive/2025/texmf-dist/tex/latex/pgf/utilities/pgfkeys.sty (/usr/local/texlive/2025/texmf-dist/tex/generic/pgf/utilities/pgfkeys.code.tex)) (/usr/local/texlive/2025/texmf-dist/tex/latex/pgf/math/pgfmath.sty (/usr/local/texlive/2025/texmf-dist/tex/generic/pgf/math/pgfmath.code.tex)) (/usr/local/texlive/2025/texmf-dist/tex/generic/pgf/utilities/pgffor.code.tex
Package: pgffor 2023-01-15 v3.1.10 (3.1.10)
\pgffor@iter=\dimen288
\pgffor@skip=\dimen289
\pgffor@stack=\toks36
\pgffor@toks=\toks37
)) (/usr/local/texlive/2025/texmf-dist/tex/generic/pgf/frontendlayer/tikz/tikz.code.tex
Package: tikz 2023-01-15 v3.1.10 (3.1.10)
 (/usr/local/texlive/2025/texmf-dist/tex/generic/pgf/libraries/pgflibraryplothandlers.code.tex
File: pgflibraryplothandlers.code.tex 2023-01-15 v3.1.10 (3.1.10)
\pgf@plot@mark@count=\count317
\pgfplotmarksize=\dimen290
)
\tikz@lastx=\dimen291
\tikz@lasty=\dimen292
\tikz@lastxsaved=\dimen293
\tikz@lastysaved=\dimen294
\tikz@lastmovetox=\dimen295
\tikz@lastmovetoy=\dimen296
\tikzleveldistance=\dimen297
\tikzsiblingdistance=\dimen298
\tikz@figbox=\box63
\tikz@figbox@bg=\box64
\tikz@tempbox=\box65
\tikz@tempbox@bg=\box66
\tikztreelevel=\count318
\tikznumberofchildren=\count319
\tikznumberofcurrentchild=\count320
\tikz@fig@count=\count321
 (/usr/local/texlive/2025/texmf-dist/tex/generic/pgf/modules/pgfmodulematrix.code.tex
File: pgfmodulematrix.code.tex 2023-01-15 v3.1.10 (3.1.10)
\pgfmatrixcurrentrow=\count322
\pgfmatrixcurrentcolumn=\count323
\pgf@matrix@numberofcolumns=\count324
)
\tikz@expandcount=\count325
 (/usr/local/texlive/2025/texmf-dist/tex/generic/pgf/frontendlayer/tikz/libraries/tikzlibrarytopaths.code.tex
File: tikzlibrarytopaths.code.tex 2023-01-15 v3.1.10 (3.1.10)
))) (/usr/local/texlive/2025/texmf-dist/tex/latex/pgfplots/pgfplots.sty (/usr/local/texlive/2025/texmf-dist/tex/generic/pgfplots/pgfplots.revision.tex)
Package: pgfplots 2021/05/15 v1.18.1 Data Visualization (1.18.1)
 (/usr/local/texlive/2025/texmf-dist/tex/generic/pgfplots/pgfplots.code.tex (/usr/local/texlive/2025/texmf-dist/tex/generic/pgfplots/pgfplotscore.code.tex
\t@pgfplots@toka=\toks38
\t@pgfplots@tokb=\toks39
\t@pgfplots@tokc=\toks40
\pgfplots@tmpa=\dimen299
\c@pgfplots@coordindex=\count326
\c@pgfplots@scanlineindex=\count327
 (/usr/local/texlive/2025/texmf-dist/tex/generic/pgfplots/sys/pgfplotssysgeneric.code.tex)) (/usr/local/texlive/2025/texmf-dist/tex/generic/pgfplots/libs/pgfplotslibrary.code.tex) (/usr/local/texlive/2025/texmf-dist/tex/generic/pgfplots/oldpgfcompatib/pgfplotsoldpgfsupp_loader.code.tex (/usr/local/texlive/2025/texmf-dist/tex/generic/pgf/libraries/pgflibraryfpu.code.tex)
Package pgfplots: loading complementary utilities for your pgf version...
\t@pgf@toka=\toks41
\t@pgf@tokb=\toks42
\t@pgf@tokc=\toks43
(/usr/local/texlive/2025/texmf-dist/tex/generic/pgfplots/oldpgfcompatib/pgfplotsoldpgfsupp_pgfutil-common-lists.tex)) (/usr/local/texlive/2025/texmf-dist/tex/generic/pgfplots/util/pgfplotsutil.code.tex (/usr/local/texlive/2025/texmf-dist/tex/generic/pgfplots/liststructure/pgfplotsliststructure.code.tex) (/usr/local/texlive/2025/texmf-dist/tex/generic/pgfplots/liststructure/pgfplotsliststructureext.code.tex) (/usr/local/texlive/2025/texmf-dist/tex/generic/pgfplots/liststructure/pgfplotsarray.code.tex
\c@pgfplotsarray@tmp=\count328
) (/usr/local/texlive/2025/texmf-dist/tex/generic/pgfplots/liststructure/pgfplotsmatrix.code.tex) (/usr/local/texlive/2025/texmf-dist/tex/generic/pgfplots/numtable/pgfplotstableshared.code.tex
\c@pgfplotstable@counta=\count329
\t@pgfplotstable@a=\toks44
) (/usr/local/texlive/2025/texmf-dist/tex/generic/pgfplots/liststructure/pgfplotsdeque.code.tex) (/usr/local/texlive/2025/texmf-dist/tex/generic/pgfplots/util/pgfplotsbinary.code.tex (/usr/local/texlive/2025/texmf-dist/tex/generic/pgfplots/util/pgfplotsbinary.data.code.tex)) (/usr/local/texlive/2025/texmf-dist/tex/generic/pgfplots/util/pgfplotsutil.verb.code.tex) (/usr/local/texlive/2025/texmf-dist/tex/generic/pgfplots/libs/pgflibrarypgfplots.surfshading.code.tex
\c@pgfplotslibrarysurf@no=\count330
 (/usr/local/texlive/2025/texmf-dist/tex/generic/pgfplots/sys/pgflibrarypgfplots.surfshading.pgfsys-pdftex.def))) (/usr/local/texlive/2025/texmf-dist/tex/generic/pgfplots/util/pgfplotscolormap.code.tex (/usr/local/texlive/2025/texmf-dist/tex/generic/pgfplots/util/pgfplotscolor.code.tex)) (/usr/local/texlive/2025/texmf-dist/tex/generic/pgfplots/pgfplotsstackedplots.code.tex) (/usr/local/texlive/2025/texmf-dist/tex/generic/pgfplots/pgfplotsplothandlers.code.tex (/usr/local/texlive/2025/texmf-dist/tex/generic/pgfplots/pgfplotsmeshplothandler.code.tex (/usr/local/texlive/2025/texmf-dist/tex/generic/pgfplots/pgfplotsmeshplotimage.code.tex))) (/usr/local/texlive/2025/texmf-dist/tex/generic/pgfplots/pgfplots.scaling.code.tex) (/usr/local/texlive/2025/texmf-dist/tex/generic/pgfplots/pgfplotscoordprocessing.code.tex) (/usr/local/texlive/2025/texmf-dist/tex/generic/pgfplots/pgfplots.errorbars.code.tex) (/usr/local/texlive/2025/texmf-dist/tex/generic/pgfplots/pgfplots.markers.code.tex) (/usr/local/texlive/2025/texmf-dist/tex/generic/pgfplots/pgfplotsticks.code.tex) (/usr/local/texlive/2025/texmf-dist/tex/generic/pgfplots/pgfplots.paths.code.tex) (/usr/local/texlive/2025/texmf-dist/tex/generic/pgf/frontendlayer/tikz/libraries/tikzlibrarydecorations.code.tex (/usr/local/texlive/2025/texmf-dist/tex/generic/pgf/modules/pgfmoduledecorations.code.tex
\pgfdecoratedcompleteddistance=\dimen300
\pgfdecoratedremainingdistance=\dimen301
\pgfdecoratedinputsegmentcompleteddistance=\dimen302
\pgfdecoratedinputsegmentremainingdistance=\dimen303
\pgf@decorate@distancetomove=\dimen304
\pgf@decorate@repeatstate=\count331
\pgfdecorationsegmentamplitude=\dimen305
\pgfdecorationsegmentlength=\dimen306
)
\tikz@lib@dec@box=\box67
) (/usr/local/texlive/2025/texmf-dist/tex/generic/pgf/frontendlayer/tikz/libraries/tikzlibrarydecorations.pathmorphing.code.tex (/usr/local/texlive/2025/texmf-dist/tex/generic/pgf/libraries/decorations/pgflibrarydecorations.pathmorphing.code.tex)) (/usr/local/texlive/2025/texmf-dist/tex/generic/pgf/frontendlayer/tikz/libraries/tikzlibrarydecorations.pathreplacing.code.tex (/usr/local/texlive/2025/texmf-dist/tex/generic/pgf/libraries/decorations/pgflibrarydecorations.pathreplacing.code.tex)) (/usr/local/texlive/2025/texmf-dist/tex/generic/pgfplots/libs/tikzlibrarypgfplots.contourlua.code.tex)
\pgfplots@numplots=\count332
\pgfplots@xmin@reg=\dimen307
\pgfplots@xmax@reg=\dimen308
\pgfplots@ymin@reg=\dimen309
\pgfplots@ymax@reg=\dimen310
\pgfplots@zmin@reg=\dimen311
\pgfplots@zmax@reg=\dimen312
) (/usr/local/texlive/2025/texmf-dist/tex/generic/pgf/frontendlayer/tikz/libraries/tikzlibraryplotmarks.code.tex
File: tikzlibraryplotmarks.code.tex 2023-01-15 v3.1.10 (3.1.10)
 (/usr/local/texlive/2025/texmf-dist/tex/generic/pgf/libraries/pgflibraryplotmarks.code.tex
File: pgflibraryplotmarks.code.tex 2023-01-15 v3.1.10 (3.1.10)
))) (/usr/local/texlive/2025/texmf-dist/tex/latex/tcolorbox/tcolorbox.sty
Package: tcolorbox 2024/10/22 version 6.4.1 text color boxes
 (/usr/local/texlive/2025/texmf-dist/tex/latex/tools/verbatim.sty
Package: verbatim 2024-01-22 v1.5x LaTeX2e package for verbatim enhancements
\every@verbatim=\toks45
\verbatim@line=\toks46
\verbatim@in@stream=\read3
) (/usr/local/texlive/2025/texmf-dist/tex/latex/environ/environ.sty
Package: environ 2014/05/04 v0.3 A new way to define environments
 (/usr/local/texlive/2025/texmf-dist/tex/latex/trimspaces/trimspaces.sty
Package: trimspaces 2009/09/17 v1.1 Trim spaces around a token list
))
\tcb@titlebox=\box68
\tcb@upperbox=\box69
\tcb@lowerbox=\box70
\tcb@phantombox=\box71
\c@tcbbreakpart=\count333
\c@tcblayer=\count334
\c@tcolorbox@number=\count335
\l__tcobox_tmpa_box=\box72
\l__tcobox_tmpa_dim=\dimen313
\tcb@temp=\box73
\tcb@temp=\box74
\tcb@temp=\box75
\tcb@temp=\box76
) (/usr/local/texlive/2025/texmf-dist/tex/latex/tools/array.sty
Package: array 2024/10/17 v2.6g Tabular extension package (FMi)
\col@sep=\dimen314
\ar@mcellbox=\box77
\extrarowheight=\dimen315
\NC@list=\toks47
\extratabsurround=\skip56
\backup@length=\skip57
\ar@cellbox=\box78
) (/usr/local/texlive/2025/texmf-dist/tex/latex/float/float.sty
Package: float 2001/11/08 v1.3d Float enhancements (AL)
\c@float@type=\count336
\float@exts=\toks48
\float@box=\box79
\@float@everytoks=\toks49
\@floatcapt=\box80
) (/usr/local/texlive/2025/texmf-dist/tex/latex/tools/tabularx.sty
Package: tabularx 2023/12/11 v2.12a `tabularx' package (DPC)
\TX@col@width=\dimen316
\TX@old@table=\dimen317
\TX@old@col=\dimen318
\TX@target=\dimen319
\TX@delta=\dimen320
\TX@cols=\count337
\TX@ftn=\toks50
) (/usr/local/texlive/2025/texmf-dist/tex/latex/colortbl/colortbl.sty
Package: colortbl 2024/07/06 v1.0i Color table columns (DPC)
\everycr=\toks51
\minrowclearance=\skip58
\rownum=\count338
) (/usr/local/texlive/2025/texmf-dist/tex/latex/siunitx/siunitx.sty
Package: siunitx 2025-02-27 v3.4.6 A comprehensive (SI) units package
\l__siunitx_number_uncert_offset_int=\count339
\l__siunitx_number_exponent_fixed_int=\count340
\l__siunitx_number_min_decimal_int=\count341
\l__siunitx_number_min_integer_int=\count342
\l__siunitx_number_round_precision_int=\count343
\l__siunitx_number_lower_threshold_int=\count344
\l__siunitx_number_upper_threshold_int=\count345
\l__siunitx_number_group_first_int=\count346
\l__siunitx_number_group_size_int=\count347
\l__siunitx_number_group_minimum_int=\count348
\l__siunitx_angle_tmp_dim=\dimen321
\l__siunitx_angle_marker_box=\box81
\l__siunitx_angle_unit_box=\box82
\l__siunitx_compound_count_int=\count349
 (/usr/local/texlive/2025/texmf-dist/tex/latex/translations/translations.sty
Package: translations 2022/02/05 v1.12 internationalization of LaTeX2e packages (CN)
)
\l__siunitx_table_tmp_box=\box83
\l__siunitx_table_tmp_dim=\dimen322
\l__siunitx_table_column_width_dim=\dimen323
\l__siunitx_table_integer_box=\box84
\l__siunitx_table_decimal_box=\box85
\l__siunitx_table_uncert_box=\box86
\l__siunitx_table_before_box=\box87
\l__siunitx_table_after_box=\box88
\l__siunitx_table_before_dim=\dimen324
\l__siunitx_table_carry_dim=\dimen325
\l__siunitx_unit_tmp_int=\count350
\l__siunitx_unit_position_int=\count351
\l__siunitx_unit_total_int=\count352
) (/usr/local/texlive/2025/texmf-dist/tex/latex/caption/caption.sty
Package: caption 2023/08/05 v3.6o Customizing captions (AR)
 (/usr/local/texlive/2025/texmf-dist/tex/latex/caption/caption3.sty
Package: caption3 2023/07/31 v2.4d caption3 kernel (AR)
\caption@tempdima=\dimen326
\captionmargin=\dimen327
\caption@leftmargin=\dimen328
\caption@rightmargin=\dimen329
\caption@width=\dimen330
\caption@indent=\dimen331
\caption@parindent=\dimen332
\caption@hangindent=\dimen333
Package caption Info: Unknown document class (or package),
(caption)             standard defaults will be used.
Package caption Info: \@makecaption = \long macro:#1#2->\ifx \@captype \@IEEEtablestring \footnotesize \bgroup \par \centering \@IEEEtabletopskipstrut {\normalfont \sffamily \footnotesize #1}\\{\normalfont \sffamily \footnotesize #2}\par \addvspace {0.5\baselineskip }\egroup \@IEEEtablecaptionsepspace \else \@IEEEfigurecaptionsepspace \setbox \@tempboxa \hbox {\normalfont \sffamily \footnotesize {#1.}\nobreakspace #2}\ifdim \wd \@tempboxa >\hsize \setbox \@tempboxa \hbox {\normalfont \sffamily \footnotesize {#1.}\nobreakspace }\parbox [t]{\hsize }{\normalfont \sffamily \footnotesize \noindent \unhbox \@tempboxa #2}\else \hbox to\hsize {\normalfont \sffamily \footnotesize \box \@tempboxa \hfil }\fi \fi  on input line 1175.
)

Package caption Warning: Unknown document class (or package),
(caption)                standard defaults will be used.
See the caption package documentation for explanation.

\c@caption@flags=\count353
\c@continuedfloat=\count354
Package caption Info: float package is loaded.
Package caption Info: hyperref package is loaded.
) (/usr/local/texlive/2025/texmf-dist/tex/latex/microtype/microtype.sty
Package: microtype 2025/02/11 v3.2a Micro-typographical refinements (RS)
\MT@toks=\toks52
\MT@tempbox=\box89
\MT@count=\count355
LaTeX Info: Redefining \noprotrusionifhmode on input line 1087.
LaTeX Info: Redefining \leftprotrusion on input line 1088.
\MT@prot@toks=\toks53
LaTeX Info: Redefining \rightprotrusion on input line 1107.
LaTeX Info: Redefining \textls on input line 1449.
\MT@outer@kern=\dimen334
LaTeX Info: Redefining \microtypecontext on input line 2053.
LaTeX Info: Redefining \textmicrotypecontext on input line 2070.
\MT@listname@count=\count356
 (/usr/local/texlive/2025/texmf-dist/tex/latex/microtype/microtype-pdftex.def
File: microtype-pdftex.def 2025/02/11 v3.2a Definitions specific to pdftex (RS)
LaTeX Info: Redefining \lsstyle on input line 944.
LaTeX Info: Redefining \lslig on input line 944.
\MT@outer@space=\skip59
)
Package microtype Info: Loading configuration file microtype.cfg.
 (/usr/local/texlive/2025/texmf-dist/tex/latex/microtype/microtype.cfg
File: microtype.cfg 2025/02/11 v3.2a microtype main configuration file (RS)
)
LaTeX Info: Redefining \microtypesetup on input line 3065.
) (/usr/local/texlive/2025/texmf-dist/tex/generic/pgf/libraries/pgflibraryarrows.meta.code.tex
File: pgflibraryarrows.meta.code.tex 2023-01-15 v3.1.10 (3.1.10)
\pgfarrowinset=\dimen335
\pgfarrowlength=\dimen336
\pgfarrowwidth=\dimen337
\pgfarrowlinewidth=\dimen338
) (/usr/local/texlive/2025/texmf-dist/tex/generic/pgf/frontendlayer/tikz/libraries/tikzlibrarypositioning.code.tex
File: tikzlibrarypositioning.code.tex 2023-01-15 v3.1.10 (3.1.10)
) (/usr/local/texlive/2025/texmf-dist/tex/generic/pgf/frontendlayer/tikz/libraries/tikzlibraryshapes.geometric.code.tex
File: tikzlibraryshapes.geometric.code.tex 2023-01-15 v3.1.10 (3.1.10)
 (/usr/local/texlive/2025/texmf-dist/tex/generic/pgf/libraries/shapes/pgflibraryshapes.geometric.code.tex
File: pgflibraryshapes.geometric.code.tex 2023-01-15 v3.1.10 (3.1.10)
))
Package translations Info: No language package found. I am going to use `english' as default language. on input line 76.
 (/usr/local/texlive/2025/texmf-dist/tex/latex/l3backend/l3backend-pdftex.def
File: l3backend-pdftex.def 2024-05-08 L3 backend support: PDF output (pdfTeX)
\l__color_backend_stack_int=\count357
\l__pdf_internal_box=\box90
) (./report.aux)
\openout1 = `report.aux'.

LaTeX Font Info:    Checking defaults for OML/cmm/m/it on input line 76.
LaTeX Font Info:    ... okay on input line 76.
LaTeX Font Info:    Checking defaults for OMS/cmsy/m/n on input line 76.
LaTeX Font Info:    ... okay on input line 76.
LaTeX Font Info:    Checking defaults for OT1/cmr/m/n on input line 76.
LaTeX Font Info:    ... okay on input line 76.
LaTeX Font Info:    Checking defaults for T1/cmr/m/n on input line 76.
LaTeX Font Info:    ... okay on input line 76.
LaTeX Font Info:    Checking defaults for TS1/cmr/m/n on input line 76.
LaTeX Font Info:    ... okay on input line 76.
LaTeX Font Info:    Checking defaults for OMX/cmex/m/n on input line 76.
LaTeX Font Info:    ... okay on input line 76.
LaTeX Font Info:    Checking defaults for U/cmr/m/n on input line 76.
LaTeX Font Info:    ... okay on input line 76.
LaTeX Font Info:    Checking defaults for PD1/pdf/m/n on input line 76.
LaTeX Font Info:    ... okay on input line 76.
LaTeX Font Info:    Checking defaults for PU/pdf/m/n on input line 76.
LaTeX Font Info:    ... okay on input line 76.

-- Lines per column: 59 (approximate, difference = 3.01309pt).
(/usr/local/texlive/2025/texmf-dist/tex/context/base/mkii/supp-pdf.mkii
[Loading MPS to PDF converter (version 2006.09.02).]
\scratchcounter=\count358
\scratchdimen=\dimen339
\scratchbox=\box91
\nofMPsegments=\count359
\nofMParguments=\count360
\everyMPshowfont=\toks54
\MPscratchCnt=\count361
\MPscratchDim=\dimen340
\MPnumerator=\count362
\makeMPintoPDFobject=\count363
\everyMPtoPDFconversion=\toks55
) (/usr/local/texlive/2025/texmf-dist/tex/latex/epstopdf-pkg/epstopdf-base.sty
Package: epstopdf-base 2020-01-24 v2.11 Base part for package epstopdf
Package epstopdf-base Info: Redefining graphics rule for `.eps' on input line 485.
 (/usr/local/texlive/2025/texmf-dist/tex/latex/latexconfig/epstopdf-sys.cfg
File: epstopdf-sys.cfg 2010/07/13 v1.3 Configuration of (r)epstopdf for TeX Live
))
Package hyperref Info: Link coloring OFF on input line 76.
\@outlinefile=\write4
\openout4 = `report.out'.


Package pgfplots notification 'compat/show suggested version=true': document has been generated with the most recent feature set (\pgfplotsset{compat=1.18}).

(/usr/local/texlive/2025/texmf-dist/tex/latex/translations/translations-basic-dictionary-english.trsl
File: translations-basic-dictionary-english.trsl (english translation file `translations-basic-dictionary')
)
Package translations Info: loading dictionary `translations-basic-dictionary' for `english'. on input line 76.
Package caption Info: Begin \AtBeginDocument code.
Package caption Info: End \AtBeginDocument code.
LaTeX Info: Redefining \microtypecontext on input line 76.
Package microtype Info: Applying patch `item' on input line 76.
Package microtype Info: Applying patch `toc' on input line 76.
Package microtype Info: Applying patch `eqnum' on input line 76.
Package microtype Info: Applying patch `footnote' on input line 76.
Package microtype Info: Applying patch `verbatim' on input line 76.
LaTeX Info: Redefining \microtypesetup on input line 76.
Package microtype Info: Generating PDF output.
Package microtype Info: Character protrusion enabled (level 2).
Package microtype Info: Using default protrusion set `alltext'.
Package microtype Info: Automatic font expansion enabled (level 2),
(microtype)             stretch: 20, shrink: 20, step: 1, non-selected.
Package microtype Info: Using default expansion set `alltext-nott'.
LaTeX Info: Redefining \showhyphens on input line 76.
Package microtype Info: No adjustment of tracking.
Package microtype Info: No adjustment of interword spacing.
Package microtype Info: No adjustment of character kerning.
 (/usr/local/texlive/2025/texmf-dist/tex/latex/microtype/mt-ppl.cfg
File: mt-ppl.cfg 2005/11/16 v1.6 microtype config. file: Palatino (RS)
)
LaTeX Font Info:    Trying to load font information for T1+phv on input line 95.
 (/usr/local/texlive/2025/texmf-dist/tex/latex/psnfss/t1phv.fd
File: t1phv.fd 2020/03/25 scalable font definitions for T1/phv.
)
Package microtype Info: Loading generic protrusion settings for font family
(microtype)             `phv' (encoding: T1).
(microtype)             For optimal results, create family-specific settings.
(microtype)             See the microtype manual for details.
LaTeX Font Info:    Font shape `T1/phv/m/it' in size <12.045> not available
(Font)              Font shape `T1/phv/m/sl' tried instead on input line 95.
LaTeX Font Info:    Calculating math sizes for size <11.04124> on input line 95.
 (/usr/local/texlive/2025/texmf-dist/tex/latex/microtype/mt-cmr.cfg
File: mt-cmr.cfg 2013/05/19 v2.2 microtype config. file: Computer Modern Roman (RS)
)
LaTeX Font Info:    Trying to load font information for U+pzd on input line 95.
 (/usr/local/texlive/2025/texmf-dist/tex/latex/psnfss/upzd.fd
File: upzd.fd 2001/06/04 font definitions for U/pzd.
)


Package pgf Warning: Returning node center instead of a point on node border. Did you specify a point identical to the center of node ``api''? on input line 161.


Package pgf Warning: Returning node center instead of a point on node border. Did you specify a point identical to the center of node ``api''? on input line 161.



[1{/usr/local/texlive/2025/texmf-var/fonts/map/pdftex/updmap/pdftex.map}{/usr/local/texlive/2025/texmf-dist/fonts/enc/dvips/base/8r.enc}


]
LaTeX Font Info:    Calculating math sizes for size <8.03> on input line 174.

Underfull \hbox (badness 10000) in paragraph at lines 181--181
[]|\T1/ppl/m/n/8.03 (+20) Imbalance ra-tio
 []


Underfull \hbox (badness 3128) in paragraph at lines 195--196
\T1/ppl/m/n/9.53561 (+20) The pipeline be-gins with an au-to-mated EDA task
 []

LaTeX Font Info:    Calculating math sizes for size <9.53561> on input line 200.
LaTeX Font Info:    Trying to load font information for T1+pcr on input line 202.
(/usr/local/texlive/2025/texmf-dist/tex/latex/psnfss/t1pcr.fd
File: t1pcr.fd 2001/06/04 font definitions for T1/pcr.
)
Package microtype Info: Loading generic protrusion settings for font family
(microtype)             `pcr' (encoding: T1).
(microtype)             For optimal results, create family-specific settings.
(microtype)             See the microtype manual for details.


Runaway argument?
 \resizebox {0.98\columnwidth }{!}{\begin {tikzpicture}[node distance\ETC.
/Users/hassan/Library/CloudStorage/OneDrive-HigherEducationCommission/ML-Project-hehe/project/report.tex:222: Paragraph ended before \pgfplots@@environment@axis was complete.
<to be read again> 
                   \par 
l.222 
      
I suspect you've forgotten a `}', causing me to apply this
control sequence to too much text. How can we recover?
My plan is to forget the whole thing and hope for the best.


/Users/hassan/Library/CloudStorage/OneDrive-HigherEducationCommission/ML-Project-hehe/project/report.tex:223: Package pgf Error: No shape named `time' is known.

See the pgf package documentation for explanation.
Type  H <return>  for immediate help.
 ...                                              
                                                  
l.223 \node[flowbox, below=of time]
                                    (log) {Log\\Transform};
This error message was generated by an \errmessage
command, so I can't give any explicit help.
Pretend that you're Hercule Poirot: Examine all clues,
and deduce the truth by order and method.


/Users/hassan/Library/CloudStorage/OneDrive-HigherEducationCommission/ML-Project-hehe/project/report.tex:223: Package pgf Error: No shape named `time' is known.

See the pgf package documentation for explanation.
Type  H <return>  for immediate help.
 ...                                              
                                                  
l.223 ...x, below=of time] (log) {Log\\Transform};
                                                  
(That was another \errmessage.)


Overfull \hbox (10.24377pt too wide) in paragraph at lines 227--227
 []\T1/ppl/m/n/9.03374 (-20) (processed_train.csv) 
 []


/Users/hassan/Library/CloudStorage/OneDrive-HigherEducationCommission/ML-Project-hehe/project/report.tex:229: Package pgf Error: No shape named `raw' is known.

See the pgf package documentation for explanation.
Type  H <return>  for immediate help.
 ...                                              
                                                  
l.229 \draw[flowarrow] (raw)
                             -- (merge);
(That was another \errmessage.)


/Users/hassan/Library/CloudStorage/OneDrive-HigherEducationCommission/ML-Project-hehe/project/report.tex:229: Package pgf Error: No shape named `merge' is known.

See the pgf package documentation for explanation.
Type  H <return>  for immediate help.
 ...                                              
                                                  
l.229 \draw[flowarrow] (raw) -- (merge)
                                       ;
(That was another \errmessage.)


/Users/hassan/Library/CloudStorage/OneDrive-HigherEducationCommission/ML-Project-hehe/project/report.tex:229: Package pgf Error: No shape named `merge' is known.

See the pgf package documentation for explanation.
Type  H <return>  for immediate help.
 ...                                              
                                                  
l.229 \draw[flowarrow] (raw) -- (merge)
                                       ;
(That was another \errmessage.)


/Users/hassan/Library/CloudStorage/OneDrive-HigherEducationCommission/ML-Project-hehe/project/report.tex:229: Package pgf Error: No shape named `raw' is known.

See the pgf package documentation for explanation.
Type  H <return>  for immediate help.
 ...                                              
                                                  
l.229 \draw[flowarrow] (raw) -- (merge)
                                       ;
(That was another \errmessage.)


/Users/hassan/Library/CloudStorage/OneDrive-HigherEducationCommission/ML-Project-hehe/project/report.tex:230: Package pgf Error: No shape named `merge' is known.

See the pgf package documentation for explanation.
Type  H <return>  for immediate help.
 ...                                              
                                                  
l.230 \draw[flowarrow] (merge)
                               -- (mem);
(That was another \errmessage.)


/Users/hassan/Library/CloudStorage/OneDrive-HigherEducationCommission/ML-Project-hehe/project/report.tex:230: Package pgf Error: No shape named `mem' is known.

See the pgf package documentation for explanation.
Type  H <return>  for immediate help.
 ...                                              
                                                  
l.230 \draw[flowarrow] (merge) -- (mem)
                                       ;
(That was another \errmessage.)


/Users/hassan/Library/CloudStorage/OneDrive-HigherEducationCommission/ML-Project-hehe/project/report.tex:230: Package pgf Error: No shape named `mem' is known.

See the pgf package documentation for explanation.
Type  H <return>  for immediate help.
 ...                                              
                                                  
l.230 \draw[flowarrow] (merge) -- (mem)
                                       ;
(That was another \errmessage.)


/Users/hassan/Library/CloudStorage/OneDrive-HigherEducationCommission/ML-Project-hehe/project/report.tex:230: Package pgf Error: No shape named `merge' is known.

See the pgf package documentation for explanation.
Type  H <return>  for immediate help.
 ...                                              
                                                  
l.230 \draw[flowarrow] (merge) -- (mem)
                                       ;
(That was another \errmessage.)


/Users/hassan/Library/CloudStorage/OneDrive-HigherEducationCommission/ML-Project-hehe/project/report.tex:231: Package pgf Error: No shape named `mem' is known.

See the pgf package documentation for explanation.
Type  H <return>  for immediate help.
 ...                                              
                                                  
l.231 \draw[flowarrow] (mem)
                             -- (time);
(That was another \errmessage.)


/Users/hassan/Library/CloudStorage/OneDrive-HigherEducationCommission/ML-Project-hehe/project/report.tex:231: Package pgf Error: No shape named `time' is known.

See the pgf package documentation for explanation.
Type  H <return>  for immediate help.
 ...                                              
                                                  
l.231 \draw[flowarrow] (mem) -- (time)
                                      ;
(That was another \errmessage.)


/Users/hassan/Library/CloudStorage/OneDrive-HigherEducationCommission/ML-Project-hehe/project/report.tex:231: Package pgf Error: No shape named `time' is known.

See the pgf package documentation for explanation.
Type  H <return>  for immediate help.
 ...                                              
                                                  
l.231 \draw[flowarrow] (mem) -- (time)
                                      ;
(That was another \errmessage.)


/Users/hassan/Library/CloudStorage/OneDrive-HigherEducationCommission/ML-Project-hehe/project/report.tex:231: Package pgf Error: No shape named `mem' is known.

See the pgf package documentation for explanation.
Type  H <return>  for immediate help.
 ...                                              
                                                  
l.231 \draw[flowarrow] (mem) -- (time)
                                      ;
(That was another \errmessage.)


/Users/hassan/Library/CloudStorage/OneDrive-HigherEducationCommission/ML-Project-hehe/project/report.tex:232: Package pgf Error: No shape named `time' is known.

See the pgf package documentation for explanation.
Type  H <return>  for immediate help.
 ...                                              
                                                  
l.232 \draw[flowarrow] (time)
                              -- (log);
(That was another \errmessage.)


/Users/hassan/Library/CloudStorage/OneDrive-HigherEducationCommission/ML-Project-hehe/project/report.tex:232: Package pgf Error: No shape named `time' is known.

See the pgf package documentation for explanation.
Type  H <return>  for immediate help.
 ...                                              
                                                  
l.232 \draw[flowarrow] (time) -- (log)
                                      ;
(That was another \errmessage.)

/Users/hassan/Library/CloudStorage/OneDrive-HigherEducationCommission/ML-Project-hehe/project/report.tex:237: Extra }, or forgotten \endgroup.
\endpgfpicture ...globally \endgroup \hss \egroup 
                                                  \pgf@restore@layerlist@fro...
l.237 \end{tikzpicture}
                       %
I've deleted a group-closing symbol because it seems to be
spurious, as in `$x}$'. But perhaps the } is legitimate and
you forgot something else, as in `\hbox{$x}'. In such cases
the way to recover is to insert both the forgotten and the
deleted material, e.g., by typing `I$}'.

/Users/hassan/Library/CloudStorage/OneDrive-HigherEducationCommission/ML-Project-hehe/project/report.tex:237: Missing } inserted.
<inserted text> 
                }
l.237 \end{tikzpicture}
                       %
I've inserted something that you may have forgotten.
(See the <inserted text> above.)
With luck, this will get me unwedged. But if you
really didn't forget anything, try typing `2' now; then
my insertion and my current dilemma will both disappear.

/Users/hassan/Library/CloudStorage/OneDrive-HigherEducationCommission/ML-Project-hehe/project/report.tex:237: Extra }, or forgotten \endgroup.
\endpgfpicture ...dpicture \endgroup \hss \egroup 
                                                  \pgfsys@typesetpicturebox ...
l.237 \end{tikzpicture}
                       %
I've deleted a group-closing symbol because it seems to be
spurious, as in `$x}$'. But perhaps the } is legitimate and
you forgot something else, as in `\hbox{$x}'. In such cases
the way to recover is to insert both the forgotten and the
deleted material, e.g., by typing `I$}'.

/Users/hassan/Library/CloudStorage/OneDrive-HigherEducationCommission/ML-Project-hehe/project/report.tex:237: Missing } inserted.
<inserted text> 
                }
l.237 \end{tikzpicture}
                       %
I've inserted something that you may have forgotten.
(See the <inserted text> above.)
With luck, this will get me unwedged. But if you
really didn't forget anything, try typing `2' now; then
my insertion and my current dilemma will both disappear.

/Users/hassan/Library/CloudStorage/OneDrive-HigherEducationCommission/ML-Project-hehe/project/report.tex:238: Extra }, or forgotten \endgroup.
l.238 }
       
I've deleted a group-closing symbol because it seems to be
spurious, as in `$x}$'. But perhaps the } is legitimate and
you forgot something else, as in `\hbox{$x}'. In such cases
the way to recover is to insert both the forgotten and the
deleted material, e.g., by typing `I$}'.

/Users/hassan/Library/CloudStorage/OneDrive-HigherEducationCommission/ML-Project-hehe/project/report.tex:239: Misplaced \noalign.
\midrule ->\noalign 
                    {\ifnum 0=`}\fi \@aboverulesep =\aboverulesep \global \@...
l.239 \midrule
              
I expect to see \noalign only after the \cr of
an alignment. Proceed, and I'll ignore this case.

/Users/hassan/Library/CloudStorage/OneDrive-HigherEducationCommission/ML-Project-hehe/project/report.tex:240: Misplaced alignment tab character &.
l.240 Very few fraud rows &
                            The model can not rely on accuracy alone. \\
I can't figure out why you would want to use a tab mark
here. If you just want an ampersand, the remedy is
simple: Just type `I\&' now. But if some right brace
up above has ended a previous alignment prematurely,
you're probably due for more error messages, and you
might try typing `S' now just to see what is salvageable.

/Users/hassan/Library/CloudStorage/OneDrive-HigherEducationCommission/ML-Project-hehe/project/report.tex:241: Misplaced alignment tab character &.
l.241 Many numeric columns &
                             The model needs to handle high-dimensional tabu...
I can't figure out why you would want to use a tab mark
here. If you just want an ampersand, the remedy is
simple: Just type `I\&' now. But if some right brace
up above has ended a previous alignment prematurely,
you're probably due for more error messages, and you
might try typing `S' now just to see what is salvageable.

/Users/hassan/Library/CloudStorage/OneDrive-HigherEducationCommission/ML-Project-hehe/project/report.tex:242: Misplaced alignment tab character &.
l.242 Many redundant signals &
                               Feature pruning is useful before learning. \\
I can't figure out why you would want to use a tab mark
here. If you just want an ampersand, the remedy is
simple: Just type `I\&' now. But if some right brace
up above has ended a previous alignment prematurely,
you're probably due for more error messages, and you
might try typing `S' now just to see what is salvageable.

/Users/hassan/Library/CloudStorage/OneDrive-HigherEducationCommission/ML-Project-hehe/project/report.tex:243: Misplaced alignment tab character &.
l.243 Weak one-feature correlation &
                                     Fraud is a combination problem, not a s...
I can't figure out why you would want to use a tab mark
here. If you just want an ampersand, the remedy is
simple: Just type `I\&' now. But if some right brace
up above has ended a previous alignment prematurely,
you're probably due for more error messages, and you
might try typing `S' now just to see what is salvageable.

/Users/hassan/Library/CloudStorage/OneDrive-HigherEducationCommission/ML-Project-hehe/project/report.tex:244: Misplaced \noalign.
\bottomrule ->\noalign 
                       {\ifnum 0=`}\fi \@aboverulesep =\aboverulesep \global...
l.244 \bottomrule
                 
I expect to see \noalign only after the \cr of
an alignment. Proceed, and I'll ignore this case.

/Users/hassan/Library/CloudStorage/OneDrive-HigherEducationCommission/ML-Project-hehe/project/report.tex:245: Misplaced \crcr.
\tbl_crcr:n ...l_count_missing_cells:n {#1}}\crcr 
                                                  
l.245 \end{tabular}
                   
I can't figure out why you would want to use a tab mark
or \cr or \span just now. If something like a right brace
up above has ended a previous alignment prematurely,
you're probably due for more error messages, and you
might try typing `S' now just to see what is salvageable.

/Users/hassan/Library/CloudStorage/OneDrive-HigherEducationCommission/ML-Project-hehe/project/report.tex:245: Extra }, or forgotten \endgroup.
\endarray ->\tbl_crcr:n {endarray}\egroup 
                                          \UseTaggingSocket {tbl/finalize}\t...
l.245 \end{tabular}
                   
I've deleted a group-closing symbol because it seems to be
spurious, as in `$x}$'. But perhaps the } is legitimate and
you forgot something else, as in `\hbox{$x}'. In such cases
the way to recover is to insert both the forgotten and the
deleted material, e.g., by typing `I$}'.

/Users/hassan/Library/CloudStorage/OneDrive-HigherEducationCommission/ML-Project-hehe/project/report.tex:245: Extra }, or forgotten \endgroup.
\endarray ...tbl_restore_outer_cell_data: \egroup 
                                                  \@arrayright \gdef \@pream...
l.245 \end{tabular}
                   
I've deleted a group-closing symbol because it seems to be
spurious, as in `$x}$'. But perhaps the } is legitimate and
you forgot something else, as in `\hbox{$x}'. In such cases
the way to recover is to insert both the forgotten and the
deleted material, e.g., by typing `I$}'.

/Users/hassan/Library/CloudStorage/OneDrive-HigherEducationCommission/ML-Project-hehe/project/report.tex:245: Extra }, or forgotten $.
<recently read> \egroup 
                        
l.245 \end{tabular}
                   
I've deleted a group-closing symbol because it seems to be
spurious, as in `$x}$'. But perhaps the } is legitimate and
you forgot something else, as in `\hbox{$x}'. In such cases
the way to recover is to insert both the forgotten and the
deleted material, e.g., by typing `I$}'.


/Users/hassan/Library/CloudStorage/OneDrive-HigherEducationCommission/ML-Project-hehe/project/report.tex:245: LaTeX Error: \begin{tikzpicture} on input line 214 ended by \end{tabular}.

See the LaTeX manual or LaTeX Companion for explanation.
Type  H <return>  for immediate help.
 ...                                              
                                                  
l.245 \end{tabular}
                   
Your command was ignored.
Type  I <command> <return>  to replace it with another command,
or  <return>  to continue without it.

/Users/hassan/Library/CloudStorage/OneDrive-HigherEducationCommission/ML-Project-hehe/project/report.tex:245: Missing $ inserted.
<inserted text> 
                $
l.245 \end{tabular}
                   
I've inserted something that you may have forgotten.
(See the <inserted text> above.)
With luck, this will get me unwedged. But if you
really didn't forget anything, try typing `2' now; then
my insertion and my current dilemma will both disappear.


/Users/hassan/Library/CloudStorage/OneDrive-HigherEducationCommission/ML-Project-hehe/project/report.tex:246: LaTeX Error: \begin{figure} on input line 212 ended by \end{table}.

See the LaTeX manual or LaTeX Companion for explanation.
Type  H <return>  for immediate help.
 ...                                              
                                                  
l.246 \end{table}
                 
Your command was ignored.
Type  I <command> <return>  to replace it with another command,
or  <return>  to continue without it.


LaTeX Warning: File `artifacts/latest_metric_summary.png' not found on input line 253.


/Users/hassan/Library/CloudStorage/OneDrive-HigherEducationCommission/ML-Project-hehe/project/report.tex:253: Package pdftex.def Error: File `artifacts/latest_metric_summary.png' not found: using draft setting.

See the pdftex.def package documentation for explanation.
Type  H <return>  for immediate help.
 ...                                              
                                                  
l.253 ...dth]{artifacts/latest_metric_summary.png}
                                                  
Try typing  <return>  to proceed.
If that doesn't work, type  X <return>  to quit.


LaTeX Warning: File `artifacts/latest_pr_curve.png' not found on input line 259.


/Users/hassan/Library/CloudStorage/OneDrive-HigherEducationCommission/ML-Project-hehe/project/report.tex:259: Package pdftex.def Error: File `artifacts/latest_pr_curve.png' not found: using draft setting.

See the pdftex.def package documentation for explanation.
Type  H <return>  for immediate help.
 ...                                              
                                                  
l.259 ...textwidth]{artifacts/latest_pr_curve.png}
                                                  
Try typing  <return>  to proceed.
If that doesn't work, type  X <return>  to quit.


Underfull \vbox (badness 10000) has occurred while \output is active []



[2]
Underfull \vbox (badness 1789) has occurred while \output is active []



/Users/hassan/Library/CloudStorage/OneDrive-HigherEducationCommission/ML-Project-hehe/project/report.tex:314: Undefined control sequence.
\@BTswitch ->{\CT@arc@ 
                       \hrule \@height \@thisrulewidth }\futurenonspacelet \...
l.314 P
       runing & Removes missing, flat, and duplicate-like columns & Shrinks ...
The control sequence at the end of the top line
of your error message was never \def'ed. If you have
misspelled it (e.g., `\hobx'), type `I' and the correct
spelling (e.g., `I\hbox'). Otherwise just continue,
and I'll forget about whatever was undefined.


Underfull \hbox (badness 10000) in paragraph at lines 314--314
\T1/ppl/m/n/8.03 (+20) and duplicate-like
 []


Underfull \hbox (badness 10000) in paragraph at lines 315--315
[]|\T1/ppl/m/n/8.03 (+20) Feature
 []


Underfull \hbox (badness 7685) in paragraph at lines 315--315
[]|\T1/ppl/m/n/8.03 (+20) Adds time and be-
 []


Underfull \hbox (badness 10000) in paragraph at lines 316--317
[]|\T1/ppl/m/n/8.03 (+20) Compresses
 []


Underfull \hbox (badness 10000) in paragraph at lines 316--317
\T1/ppl/m/n/8.03 (+20) pat-terns into
 []


Underfull \hbox (badness 10000) in paragraph at lines 317--318
[]|\T1/ppl/m/n/8.03 (+20) Improves fraud
 []

/Users/hassan/Library/CloudStorage/OneDrive-HigherEducationCommission/ML-Project-hehe/project/report.tex:319: Undefined control sequence.
\@BTswitch ->{\CT@arc@ 
                       \hrule \@height \@thisrulewidth }\futurenonspacelet \...
l.319 \end
          {tabular}
The control sequence at the end of the top line
of your error message was never \def'ed. If you have
misspelled it (e.g., `\hobx'), type `I' and the correct
spelling (e.g., `I\hbox'). Otherwise just continue,
and I'll forget about whatever was undefined.


Underfull \hbox (badness 10000) in paragraph at lines 331--332
\T1/ppl/m/n/9.53561 (+20) The \T1/pcr/m/n/9.53561 FeatureEngineeringTransformer \T1/ppl/m/n/9.53561 (+20) and
 []


Underfull \hbox (badness 1609) in paragraph at lines 331--332
\T1/pcr/m/n/9.53561 ClusteringTransformer \T1/ppl/m/n/9.53561 (+20) in \T1/pcr/m/n/9.53561 src/features.py \T1/ppl/m/n/9.53561 (+20) add
 []


Underfull \vbox (badness 10000) has occurred while \output is active []



[3]
Underfull \hbox (badness 4713) in paragraph at lines 336--337
[]\T1/ppl/b/n/9.53561 (+20) Temporal En-cod-ing\T1/ppl/m/n/9.53561 (+20) : We ex-tract \T1/pcr/m/n/9.53561 hour \T1/ppl/m/n/9.53561 (+20) (from
 []



LaTeX Font Info:    Font shape `T1/phv/m/it' in size <9.53561> not available
(Font)              Font shape `T1/phv/m/sl' tried instead on input line 384.
Package pgfplots info on input line 410: Using 'lua backend=false' for axis: x coord trafo unsupported.
LaTeX Font Info:    Calculating math sizes for size <9.03374> on input line 412.

Underfull \hbox (badness 1540) in paragraph at lines 418--419
\T1/ppl/b/n/9.53561 (+20) Challenge\T1/ppl/m/n/9.53561 (+20) : Vesta's raw data comes in two files: (1)
 []



[4]
Underfull \hbox (badness 4686) in paragraph at lines 466--467
[]\T1/ppl/b/n/9.53561 (+20) Solution\T1/ppl/m/n/9.53561 (+20) : Ap-ply the log-plus-one trans-for-ma-tion:
 []



Missing character: There is no ; in font nullfont!


[5]
Underfull \hbox (badness 10000) in paragraph at lines 515--516
[]\T1/ppl/b/n/9.53561 (+20) Output of Note-book 1\T1/ppl/m/n/9.53561 (+20) : A clean CSV file,
 []


Underfull \hbox (badness 4132) in paragraph at lines 515--516
\T1/pcr/m/n/9.53561 data/processed_train.csv\T1/ppl/m/n/9.53561 (+20) , with 472k rows and
 []


Overfull \hbox (10.24377pt too wide) in paragraph at lines 545--545
 []\T1/ppl/m/n/9.03374 (-20) (processed_train.csv) 
 []


Overfull \hbox (136.41292pt too wide) in paragraph at lines 570--571
 [][] 
 []



/Users/hassan/Library/CloudStorage/OneDrive-HigherEducationCommission/ML-Project-hehe/project/report.tex:592: Undefined control sequence.
\@BTswitch ->{\CT@arc@ 
                       \hrule \@height \@thisrulewidth }\futurenonspacelet \...
l.592 0
        & Two raw Kaggle CSVs & train\_transaction.csv + train\_identity.csv...
The control sequence at the end of the top line
of your error message was never \def'ed. If you have
misspelled it (e.g., `\hobx'), type `I' and the correct
spelling (e.g., `I\hbox'). Otherwise just continue,
and I'll forget about whatever was undefined.


Underfull \hbox (badness 2221) in paragraph at lines 592--592
[]|\T1/ppl/m/n/8.03 (+20) Two raw Kag-gle
 []


Overfull \hbox (26.5893pt too wide) in paragraph at lines 592--592
[]|\T1/ppl/m/n/8.03 (-20) train_transaction.csv
 []


Underfull \hbox (badness 10000) in paragraph at lines 592--592
\T1/ppl/m/n/8.03 (+20) +
 []


Overfull \hbox (14.48071pt too wide) in paragraph at lines 592--592
\T1/ppl/m/n/8.03 (-20) train_identity.csv| 
 []


Underfull \hbox (badness 10000) in paragraph at lines 593--593
[]|\T1/ppl/m/n/8.03 (+20) Reduced
 []


Underfull \hbox (badness 10000) in paragraph at lines 593--593
\T1/ppl/m/n/8.03 (+20) RAM (1.5
 []


Underfull \hbox (badness 1769) in paragraph at lines 593--593
\T1/ppl/m/n/8.03 (+20) GB -> 0.47
 []


Underfull \hbox (badness 5022) in paragraph at lines 593--594
[]|\T1/ppl/m/n/8.03 (+20) Enable de-vel-op-
 []


Underfull \hbox (badness 10000) in paragraph at lines 595--595
[]|\T1/ppl/m/n/8.03 (+20) Add hour,
 []


Overfull \hbox (0.62877pt too wide) in paragraph at lines 595--595
\T1/ppl/m/n/8.03 (-20) day_of_week
 []


Underfull \hbox (badness 10000) in paragraph at lines 596--596
[]|\T1/ppl/m/n/8.03 (+20) Compress
 []


Underfull \hbox (badness 10000) in paragraph at lines 596--596
\T1/ppl/m/n/8.03 (+20) amount
 []


Underfull \hbox (badness 10000) in paragraph at lines 597--597
[]|\T1/ppl/m/n/8.03 (+20) Null prun-ing
 []


Underfull \hbox (badness 10000) in paragraph at lines 597--597
[]|\T1/ppl/m/n/8.03 (+20) Drop 208
 []


Underfull \hbox (badness 10000) in paragraph at lines 597--597
\T1/ppl/m/n/8.03 (+20) columns,
 []


Underfull \hbox (badness 3260) in paragraph at lines 598--598
[]|\T1/ppl/m/n/8.03 (+20) Frequency en-cod-
 []


Underfull \hbox (badness 10000) in paragraph at lines 598--598
[]|\T1/ppl/m/n/8.03 (+20) Convert
 []


Underfull \hbox (badness 2894) in paragraph at lines 599--599
[]|\T1/ppl/m/n/8.03 (+20) Fill re-main-
 []


Underfull \hbox (badness 5741) in paragraph at lines 600--600
[]|\T1/ppl/m/n/8.03 (+20) 472k x 20
 []


Underfull \hbox (badness 10000) in paragraph at lines 600--600
\T1/ppl/m/n/8.03 (+20) nu-meric
 []

/Users/hassan/Library/CloudStorage/OneDrive-HigherEducationCommission/ML-Project-hehe/project/report.tex:602: Undefined control sequence.
\@BTswitch ->{\CT@arc@ 
                       \hrule \@height \@thisrulewidth }\futurenonspacelet \...
l.602 2
       a & Stratified 80/20 split & Separate train/test folders & Prevent di...
The control sequence at the end of the top line
of your error message was never \def'ed. If you have
misspelled it (e.g., `\hobx'), type `I' and the correct
spelling (e.g., `I\hbox'). Otherwise just continue,
and I'll forget about whatever was undefined.


Underfull \hbox (badness 10000) in paragraph at lines 602--602
[]|\T1/ppl/m/n/8.03 (+20) Stratified 80/20
 []


Underfull \hbox (badness 10000) in paragraph at lines 602--602
[]|\T1/ppl/m/n/8.03 (+20) Separate
 []


Underfull \hbox (badness 10000) in paragraph at lines 602--602
\T1/ppl/m/n/8.03 (+20) train/test
 []


Overfull \hbox (5.84831pt too wide) in paragraph at lines 603--603
[]|\T1/ppl/m/n/8.03 (-20) train_unbalanced.csv| 
 []


Underfull \hbox (badness 3657) in paragraph at lines 603--603
\T1/ppl/m/n/8.03 (+20) (377k rows,
 []


Overfull \hbox (2.05591pt too wide) in paragraph at lines 588--605
 [][] 
 []


Overfull \hbox (10.24377pt too wide) in paragraph at lines 642--642
 []\T1/ppl/m/n/9.03374 (-20) (processed_train.csv) 
 []


Overfull \hbox (16.9752pt too wide) in paragraph at lines 642--642
 []\T1/ppl/m/n/9.03374 (-20) (train_unbalanced.csv) 
 []


Underfull \vbox (badness 5908) has occurred while \output is active []



[6]
/Users/hassan/Library/CloudStorage/OneDrive-HigherEducationCommission/ML-Project-hehe/project/report.tex:661: Undefined control sequence.
\@BTswitch ->{\CT@arc@ 
                       \hrule \@height \@thisrulewidth }\futurenonspacelet \...
l.661 L
       ogistic Regression (04) & 0.8409 & 0.3405 & Assumes linear separation...
The control sequence at the end of the top line
of your error message was never \def'ed. If you have
misspelled it (e.g., `\hobx'), type `I' and the correct
spelling (e.g., `I\hbox'). Otherwise just continue,
and I'll forget about whatever was undefined.


Underfull \hbox (badness 1681) in paragraph at lines 661--661
[]|\T1/ppl/m/n/8.03 (+20) Logistic Re-
 []


Underfull \hbox (badness 1635) in paragraph at lines 661--662
[]|\T1/ppl/m/n/8.03 (+20) Assumes lin-ear sep-a-ra-
 []

/Users/hassan/Library/CloudStorage/OneDrive-HigherEducationCommission/ML-Project-hehe/project/report.tex:663: Undefined control sequence.
\@BTswitch ->{\CT@arc@ 
                       \hrule \@height \@thisrulewidth }\futurenonspacelet \...
l.663 K
       NN with PCA (09) & 0.8950 & 0.4220 & Distance-based learner with dime...
The control sequence at the end of the top line
of your error message was never \def'ed. If you have
misspelled it (e.g., `\hobx'), type `I' and the correct
spelling (e.g., `I\hbox'). Otherwise just continue,
and I'll forget about whatever was undefined.


Underfull \hbox (badness 10000) in paragraph at lines 663--663
[]|\T1/ppl/m/n/8.03 (+20) KNN with
 []


Underfull \hbox (badness 10000) in paragraph at lines 663--664
[]|\T1/ppl/m/n/8.03 (+20) Distance-based learner
 []


Underfull \hbox (badness 10000) in paragraph at lines 663--664
\T1/ppl/m/n/8.03 (+20) with di-men-sion-al-ity
 []


Underfull \hbox (badness 10000) in paragraph at lines 663--664
\T1/ppl/m/n/8.03 (+20) re-duc-tion. Un-able
 []


Underfull \hbox (badness 10000) in paragraph at lines 663--664
\T1/ppl/m/n/8.03 (+20) to dis-cover non-
 []


Underfull \hbox (badness 10000) in paragraph at lines 663--664
\T1/ppl/m/n/8.03 (+20) Euclidean fea-ture
 []


Underfull \hbox (badness 10000) in paragraph at lines 663--664
\T1/ppl/m/n/8.03 (+20) re-la-tion-ships; suf-fers
 []


Underfull \hbox (badness 10000) in paragraph at lines 663--664
\T1/ppl/m/n/8.03 (+20) in high-dimensional
 []

/Users/hassan/Library/CloudStorage/OneDrive-HigherEducationCommission/ML-Project-hehe/project/report.tex:665: Undefined control sequence.
\@BTswitch ->{\CT@arc@ 
                       \hrule \@height \@thisrulewidth }\futurenonspacelet \...
l.665 R
       andom Forest (07) & 0.9200 & 0.5500 & Strong ensemble baseline; learn...
The control sequence at the end of the top line
of your error message was never \def'ed. If you have
misspelled it (e.g., `\hobx'), type `I' and the correct
spelling (e.g., `I\hbox'). Otherwise just continue,
and I'll forget about whatever was undefined.


Underfull \hbox (badness 1708) in paragraph at lines 665--666
\T1/ppl/m/n/8.03 (+20) learns non-linear splits
 []

/Users/hassan/Library/CloudStorage/OneDrive-HigherEducationCommission/ML-Project-hehe/project/report.tex:667: Undefined control sequence.
\@BTswitch ->{\CT@arc@ 
                       \hrule \@height \@thisrulewidth }\futurenonspacelet \...
l.667 X
       GBoost Baseline (08) & 0.9466 & 0.6920 & Excellent non-linear learner...
The control sequence at the end of the top line
of your error message was never \def'ed. If you have
misspelled it (e.g., `\hobx'), type `I' and the correct
spelling (e.g., `I\hbox'). Otherwise just continue,
and I'll forget about whatever was undefined.


Underfull \hbox (badness 10000) in paragraph at lines 667--667
[]|\T1/ppl/m/n/8.03 (+20) XGBoost
 []


Underfull \hbox (badness 10000) in paragraph at lines 667--668
[]|\T1/ppl/m/n/8.03 (+20) Excellent non-linear
 []


Underfull \hbox (badness 10000) in paragraph at lines 667--668
\T1/ppl/m/n/8.03 (+20) learner with na-tive
 []


Underfull \hbox (badness 10000) in paragraph at lines 667--668
\T1/pcr/m/n/8.03 scale_pos_weight
 []


Underfull \hbox (badness 6493) in paragraph at lines 667--668
\T1/ppl/m/n/8.03 (+20) but does not ex-ploit
 []

/Users/hassan/Library/CloudStorage/OneDrive-HigherEducationCommission/ML-Project-hehe/project/report.tex:669: Undefined control sequence.
\@BTswitch ->{\CT@arc@ 
                       \hrule \@height \@thisrulewidth }\futurenonspacelet \...
l.669 X
       GBoost + PCA (13) & 0.9540 & 0.6850 & PCA preserves global variance b...
The control sequence at the end of the top line
of your error message was never \def'ed. If you have
misspelled it (e.g., `\hobx'), type `I' and the correct
spelling (e.g., `I\hbox'). Otherwise just continue,
and I'll forget about whatever was undefined.


Underfull \hbox (badness 10000) in paragraph at lines 669--669
[]|\T1/ppl/m/n/8.03 (+20) XGBoost +
 []


Underfull \hbox (badness 6758) in paragraph at lines 669--670
[]|\T1/ppl/m/n/8.03 (+20) PCA pre-serves global
 []

/Users/hassan/Library/CloudStorage/OneDrive-HigherEducationCommission/ML-Project-hehe/project/report.tex:671: Undefined control sequence.
\@BTswitch ->{\CT@arc@ 
                       \hrule \@height \@thisrulewidth }\futurenonspacelet \...
l.671 \textbf
             {XGBoost + KMeans (Current)} & \textbf{0.960122} & \textbf{0.77...
The control sequence at the end of the top line
of your error message was never \def'ed. If you have
misspelled it (e.g., `\hobx'), type `I' and the correct
spelling (e.g., `I\hbox'). Otherwise just continue,
and I'll forget about whatever was undefined.


Underfull \hbox (badness 10000) in paragraph at lines 671--671
[]|\T1/ppl/b/n/8.03 (+20) XGBoost
 []


Underfull \hbox (badness 10000) in paragraph at lines 671--671
\T1/ppl/b/n/8.03 (+20) + KMeans
 []


Underfull \vbox (badness 10000) has occurred while \output is active []





[7]
Underfull \hbox (badness 10000) in paragraph at lines 703--703
[]|\T1/ppl/m/n/8.03 (+20) Minority-class re-trieval
 []


Underfull \hbox (badness 10000) in paragraph at lines 703--703
\T1/ppl/m/n/8.03 (+20) qual-ity un-der heavy
 []


Underfull \hbox (badness 3758) in paragraph at lines 705--706
[]|\T1/ppl/m/n/8.03 (+20) Increase with-out
 []



Package pgfplots info on input line 755: Using 'lua backend=false' for axis: x coord trafo unsupported.
LaTeX Font Info:    Calculating math sizes for size <7.02625> on input line 757.
/Users/hassan/Library/CloudStorage/OneDrive-HigherEducationCommission/ML-Project-hehe/project/report.tex:777: Undefined control sequence.
\@BTswitch ->{\CT@arc@ 
                       \hrule \@height \@thisrulewidth }\futurenonspacelet \...
l.777 L
       ogistic Regression & Fast and interpretable & Misses complex non-line...
The control sequence at the end of the top line
of your error message was never \def'ed. If you have
misspelled it (e.g., `\hobx'), type `I' and the correct
spelling (e.g., `I\hbox'). Otherwise just continue,
and I'll forget about whatever was undefined.


Underfull \hbox (badness 10000) in paragraph at lines 777--778
[]|\T1/ppl/m/n/8.03 (+20) Misses com-plex
 []


Underfull \hbox (badness 10000) in paragraph at lines 777--778
\T1/ppl/m/n/8.03 (+20) non-linear fraud
 []


Underfull \hbox (badness 10000) in paragraph at lines 778--779
\T1/ppl/m/n/8.03 (+20) on heavy class
 []


Underfull \hbox (badness 1616) in paragraph at lines 779--779
[]|\T1/ppl/m/n/8.03 (+20) Best rank-ing qual-ity
 []

/Users/hassan/Library/CloudStorage/OneDrive-HigherEducationCommission/ML-Project-hehe/project/report.tex:781: Undefined control sequence.
\@BTswitch ->{\CT@arc@ 
                       \hrule \@height \@thisrulewidth }\futurenonspacelet \...
l.781 \end
          {tabular}
The control sequence at the end of the top line
of your error message was never \def'ed. If you have
misspelled it (e.g., `\hobx'), type `I' and the correct
spelling (e.g., `I\hbox'). Otherwise just continue,
and I'll forget about whatever was undefined.



[8]
/Users/hassan/Library/CloudStorage/OneDrive-HigherEducationCommission/ML-Project-hehe/project/report.tex:818: Undefined control sequence.
\@BTswitch ->{\CT@arc@ 
                       \hrule \@height \@thisrulewidth }\futurenonspacelet \...
l.818 G
       oal & Threshold style & Business effect \\
The control sequence at the end of the top line
of your error message was never \def'ed. If you have
misspelled it (e.g., `\hobx'), type `I' and the correct
spelling (e.g., `I\hbox'). Otherwise just continue,
and I'll forget about whatever was undefined.

/Users/hassan/Library/CloudStorage/OneDrive-HigherEducationCommission/ML-Project-hehe/project/report.tex:820: Undefined control sequence.
\@BTswitch ->{\CT@arc@ 
                       \hrule \@height \@thisrulewidth }\futurenonspacelet \...
l.820 C
       atch more fraud & Lower threshold & Higher recall, more alerts to rev...
The control sequence at the end of the top line
of your error message was never \def'ed. If you have
misspelled it (e.g., `\hobx'), type `I' and the correct
spelling (e.g., `I\hbox'). Otherwise just continue,
and I'll forget about whatever was undefined.


Underfull \hbox (badness 10000) in paragraph at lines 820--820
[]|\T1/ppl/m/n/8.03 (+20) Catch more
 []


Underfull \hbox (badness 10000) in paragraph at lines 821--821
[]|\T1/ppl/m/n/8.03 (+20) Reduce false
 []


Underfull \hbox (badness 10000) in paragraph at lines 821--822
[]|\T1/ppl/m/n/8.03 (+20) Higher pre-ci-sion,
 []


Underfull \hbox (badness 1817) in paragraph at lines 821--822
\T1/ppl/m/n/8.03 (+20) fewer blocked safe
 []


Underfull \hbox (badness 10000) in paragraph at lines 822--823
[]|\T1/ppl/m/n/8.03 (+20) Better com-pro-mise
 []


Underfull \hbox (badness 8000) in paragraph at lines 822--823
\T1/ppl/m/n/8.03 (+20) be-tween loss and
 []

/Users/hassan/Library/CloudStorage/OneDrive-HigherEducationCommission/ML-Project-hehe/project/report.tex:824: Undefined control sequence.
\@BTswitch ->{\CT@arc@ 
                       \hrule \@height \@thisrulewidth }\futurenonspacelet \...
l.824 \end
          {tabular}
The control sequence at the end of the top line
of your error message was never \def'ed. If you have
misspelled it (e.g., `\hobx'), type `I' and the correct
spelling (e.g., `I\hbox'). Otherwise just continue,
and I'll forget about whatever was undefined.

Package pgfplots info on input line 847: Using 'lua backend=false' for axis: x coord trafo unsupported.



Overfull \hbox (0.8387pt too wide) in paragraph at lines 876--876
[]|\T1/ppl/m/n/8.03 (-20) Value/Range| 
 []

/Users/hassan/Library/CloudStorage/OneDrive-HigherEducationCommission/ML-Project-hehe/project/report.tex:878: Undefined control sequence.
\@BTswitch ->{\CT@arc@ 
                       \hrule \@height \@thisrulewidth }\futurenonspacelet \...
l.878 \textbf
             {scale\_pos\_weight} & 27.6 & Directly matches the class imbala...
The control sequence at the end of the top line
of your error message was never \def'ed. If you have
misspelled it (e.g., `\hobx'), type `I' and the correct
spelling (e.g., `I\hbox'). Otherwise just continue,
and I'll forget about whatever was undefined.


Overfull \hbox (2.23077pt too wide) in paragraph at lines 878--878
[]|\T1/ppl/b/n/8.03 (-20) scale_pos_weight| 
 []

/Users/hassan/Library/CloudStorage/OneDrive-HigherEducationCommission/ML-Project-hehe/project/report.tex:880: Undefined control sequence.
\@BTswitch ->{\CT@arc@ 
                       \hrule \@height \@thisrulewidth }\futurenonspacelet \...
l.880 \textbf
             {n\_estimators} & 300--500 & Number of boosting rounds. Lower v...
The control sequence at the end of the top line
of your error message was never \def'ed. If you have
misspelled it (e.g., `\hobx'), type `I' and the correct
spelling (e.g., `I\hbox'). Otherwise just continue,
and I'll forget about whatever was undefined.


Underfull \hbox (badness 7238) in paragraph at lines 880--881
[]|\T1/ppl/m/n/8.03 (+20) Number of boost-ing rounds.
 []

/Users/hassan/Library/CloudStorage/OneDrive-HigherEducationCommission/ML-Project-hehe/project/report.tex:882: Undefined control sequence.
\@BTswitch ->{\CT@arc@ 
                       \hrule \@height \@thisrulewidth }\futurenonspacelet \...
l.882 \textbf
             {max\_depth} & 9--12 & Maximum tree depth controls interaction ...
The control sequence at the end of the top line
of your error message was never \def'ed. If you have
misspelled it (e.g., `\hobx'), type `I' and the correct
spelling (e.g., `I\hbox'). Otherwise just continue,
and I'll forget about whatever was undefined.

/Users/hassan/Library/CloudStorage/OneDrive-HigherEducationCommission/ML-Project-hehe/project/report.tex:884: Undefined control sequence.
\@BTswitch ->{\CT@arc@ 
                       \hrule \@height \@thisrulewidth }\futurenonspacelet \...
l.884 \textbf
             {learning\_rate} (eta) & 0.02--0.03 & Step size for gradient de...
The control sequence at the end of the top line
of your error message was never \def'ed. If you have
misspelled it (e.g., `\hobx'), type `I' and the correct
spelling (e.g., `I\hbox'). Otherwise just continue,
and I'll forget about whatever was undefined.


Underfull \hbox (badness 10000) in paragraph at lines 884--884
[]|\T1/ppl/b/n/8.03 (+20) learning_rate
 []


Underfull \hbox (badness 3713) in paragraph at lines 884--885
\T1/ppl/m/n/8.03 (+20) Lower val-ues (0.01--0.02) con-
 []

/Users/hassan/Library/CloudStorage/OneDrive-HigherEducationCommission/ML-Project-hehe/project/report.tex:886: Undefined control sequence.
\@BTswitch ->{\CT@arc@ 
                       \hrule \@height \@thisrulewidth }\futurenonspacelet \...
l.886 \textbf
             {subsample} & 0.8 & Fraction of training rows used for each tre...
The control sequence at the end of the top line
of your error message was never \def'ed. If you have
misspelled it (e.g., `\hobx'), type `I' and the correct
spelling (e.g., `I\hbox'). Otherwise just continue,
and I'll forget about whatever was undefined.

/Users/hassan/Library/CloudStorage/OneDrive-HigherEducationCommission/ML-Project-hehe/project/report.tex:888: Undefined control sequence.
\@BTswitch ->{\CT@arc@ 
                       \hrule \@height \@thisrulewidth }\futurenonspacelet \...
l.888 \textbf
             {colsample\_bytree} & 0.8 & Fraction of features used for each ...
The control sequence at the end of the top line
of your error message was never \def'ed. If you have
misspelled it (e.g., `\hobx'), type `I' and the correct
spelling (e.g., `I\hbox'). Otherwise just continue,
and I'll forget about whatever was undefined.


Overfull \hbox (2.23856pt too wide) in paragraph at lines 888--888
[]|\T1/ppl/b/n/8.03 (-20) colsample_bytree| 
 []

/Users/hassan/Library/CloudStorage/OneDrive-HigherEducationCommission/ML-Project-hehe/project/report.tex:890: Undefined control sequence.
\@BTswitch ->{\CT@arc@ 
                       \hrule \@height \@thisrulewidth }\futurenonspacelet \...
l.890 \end
          {tabular}
The control sequence at the end of the top line
of your error message was never \def'ed. If you have
misspelled it (e.g., `\hobx'), type `I' and the correct
spelling (e.g., `I\hbox'). Otherwise just continue,
and I'll forget about whatever was undefined.


Overfull \hbox (4.70393pt too wide) in paragraph at lines 874--891
 [][] 
 []


Underfull \vbox (badness 10000) has occurred while \output is active []



[9]


Underfull \hbox (badness 1565) in paragraph at lines 905--906
[]|\T1/ppl/m/n/8.03 (+20) Captures high-order fea-
 []


Underfull \hbox (badness 4832) in paragraph at lines 906--907
[]|\T1/ppl/m/n/8.03 (+20) Controls over-fit-ting via
 []


Underfull \hbox (badness 10000) in paragraph at lines 908--908
[]|\T1/ppl/m/n/8.03 (+20) PR-AUC at
 []


Overfull \hbox (2.17973pt too wide) in paragraph at lines 900--910
 [][] 
 []

/Users/hassan/Library/CloudStorage/OneDrive-HigherEducationCommission/ML-Project-hehe/project/report.tex:926: Undefined control sequence.
\@BTswitch ->{\CT@arc@ 
                       \hrule \@height \@thisrulewidth }\futurenonspacelet \...
l.926 /
       health & GET & Confirms API and model readiness \\
The control sequence at the end of the top line
of your error message was never \def'ed. If you have
misspelled it (e.g., `\hobx'), type `I' and the correct
spelling (e.g., `I\hbox'). Otherwise just continue,
and I'll forget about whatever was undefined.


Overfull \hbox (7.7684pt too wide) in paragraph at lines 929--929
[]|\T1/ppl/m/n/8.03 (-20) /model_evaluations| 
 []


Underfull \hbox (badness 10000) in paragraph at lines 930--931
[]|\T1/ppl/m/n/8.03 (+20) Returns lat-est ROC/PR
 []

/Users/hassan/Library/CloudStorage/OneDrive-HigherEducationCommission/ML-Project-hehe/project/report.tex:933: Undefined control sequence.
\@BTswitch ->{\CT@arc@ 
                       \hrule \@height \@thisrulewidth }\futurenonspacelet \...
l.933 \end
          {tabular}
The control sequence at the end of the top line
of your error message was never \def'ed. If you have
misspelled it (e.g., `\hobx'), type `I' and the correct
spelling (e.g., `I\hbox'). Otherwise just continue,
and I'll forget about whatever was undefined.


Overfull \hbox (6.47986pt too wide) in paragraph at lines 951--951
 [][]\T1/ppl/m/n/9.03374 (-20) latest_metrics.json 
 []


Underfull \vbox (badness 2486) has occurred while \output is active []



[10]
/Users/hassan/Library/CloudStorage/OneDrive-HigherEducationCommission/ML-Project-hehe/project/report.tex:964: Undefined control sequence.
\@BTswitch ->{\CT@arc@ 
                       \hrule \@height \@thisrulewidth }\futurenonspacelet \...
l.964 N
       ew data arrives & Re-run Prefect pipeline & Refreshes model on latest...
The control sequence at the end of the top line
of your error message was never \def'ed. If you have
misspelled it (e.g., `\hobx'), type `I' and the correct
spelling (e.g., `I\hbox'). Otherwise just continue,
and I'll forget about whatever was undefined.


Underfull \hbox (badness 10000) in paragraph at lines 964--964
[]|\T1/ppl/m/n/8.03 (+20) Re-run Pre-fect
 []


Underfull \hbox (badness 10000) in paragraph at lines 965--965
[]|\T1/ppl/m/n/8.03 (+20) Metrics
 []


Underfull \hbox (badness 10000) in paragraph at lines 965--965
[]|\T1/ppl/m/n/8.03 (+20) Check PR-AUC,
 []


Underfull \hbox (badness 10000) in paragraph at lines 965--965
\T1/ppl/m/n/8.03 (+20) drift, con-fu-sion
 []


Underfull \hbox (badness 10000) in paragraph at lines 966--966
[]|\T1/ppl/m/n/8.03 (+20) Deployment
 []


Underfull \hbox (badness 10000) in paragraph at lines 966--966
\T1/ppl/m/n/8.03 (+20) can-di-date
 []


Underfull \hbox (badness 10000) in paragraph at lines 967--967
[]|\T1/ppl/m/n/8.03 (+20) Call reload
 []


Underfull \hbox (badness 10000) in paragraph at lines 967--968
[]|\T1/ppl/m/n/8.03 (+20) Activates lat-est
 []


Underfull \hbox (badness 10000) in paragraph at lines 967--968
\T1/ppl/m/n/8.03 (+20) model with-out
 []

/Users/hassan/Library/CloudStorage/OneDrive-HigherEducationCommission/ML-Project-hehe/project/report.tex:969: Undefined control sequence.
\@BTswitch ->{\CT@arc@ 
                       \hrule \@height \@thisrulewidth }\futurenonspacelet \...
l.969 \end
          {tabular}
The control sequence at the end of the top line
of your error message was never \def'ed. If you have
misspelled it (e.g., `\hobx'), type `I' and the correct
spelling (e.g., `I\hbox'). Otherwise just continue,
and I'll forget about whatever was undefined.





[11]
/Users/hassan/Library/CloudStorage/OneDrive-HigherEducationCommission/ML-Project-hehe/project/report.tex:1090: Undefined control sequence.
\@BTswitch ->{\CT@arc@ 
                       \hrule \@height \@thisrulewidth }\futurenonspacelet \...
l.1090 C
        omponent & Simple role & When it matters \\
The control sequence at the end of the top line
of your error message was never \def'ed. If you have
misspelled it (e.g., `\hobx'), type `I' and the correct
spelling (e.g., `I\hbox'). Otherwise just continue,
and I'll forget about whatever was undefined.

/Users/hassan/Library/CloudStorage/OneDrive-HigherEducationCommission/ML-Project-hehe/project/report.tex:1092: Undefined control sequence.
\@BTswitch ->{\CT@arc@ 
                       \hrule \@height \@thisrulewidth }\futurenonspacelet \...
l.1092 P
        refect & Orchestrates task sequencing and error handling & During tr...
The control sequence at the end of the top line
of your error message was never \def'ed. If you have
misspelled it (e.g., `\hobx'), type `I' and the correct
spelling (e.g., `I\hbox'). Otherwise just continue,
and I'll forget about whatever was undefined.


Underfull \hbox (badness 1466) in paragraph at lines 1092--1092
[]|\T1/ppl/m/n/8.03 (+20) Orchestrates task se-
 []


Underfull \hbox (badness 5274) in paragraph at lines 1092--1092
\T1/ppl/m/n/8.03 (+20) quenc-ing and er-ror
 []


Underfull \hbox (badness 10000) in paragraph at lines 1095--1095
[]|\T1/ppl/m/n/8.03 (+20) Environment par-ity
 []


Underfull \hbox (badness 10000) in paragraph at lines 1095--1095
\T1/ppl/m/n/8.03 (+20) and mi-croser-vice
 []


Underfull \hbox (badness 10000) in paragraph at lines 1095--1096
[]|\T1/ppl/m/n/8.03 (+20) Deployment and
 []


Underfull \hbox (badness 10000) in paragraph at lines 1096--1097
[]|\T1/ppl/m/n/8.03 (+20) Developer
 []


Underfull \hbox (badness 10000) in paragraph at lines 1096--1097
\T1/ppl/m/n/8.03 (+20) work-flow and
 []

/Users/hassan/Library/CloudStorage/OneDrive-HigherEducationCommission/ML-Project-hehe/project/report.tex:1098: Undefined control sequence.
\@BTswitch ->{\CT@arc@ 
                       \hrule \@height \@thisrulewidth }\futurenonspacelet \...
l.1098 \end
           {tabular}
The control sequence at the end of the top line
of your error message was never \def'ed. If you have
misspelled it (e.g., `\hobx'), type `I' and the correct
spelling (e.g., `I\hbox'). Otherwise just continue,
and I'll forget about whatever was undefined.





[12

] (./report.aux)
 ***********
LaTeX2e <2024-11-01> patch level 2
L3 programming layer <2025-01-18>
 ***********


Package rerunfilecheck Warning: File `report.out' has changed.
(rerunfilecheck)                Rerun to get outlines right
(rerunfilecheck)                or use package `bookmark'.

Package rerunfilecheck Info: Checksums for `report.out':
(rerunfilecheck)             Before: <no file>
(rerunfilecheck)             After:  BA6B59DBCE8B2B04189809ED54E78737;12910.
 ) 
Here is how much of TeX's memory you used:
 43021 strings out of 473190
 1026481 string characters out of 5715800
 1511622 words of memory out of 5000000
 65079 multiletter control sequences out of 15000+600000
 692139 words of font info for 507 fonts, out of 8000000 for 9000
 1141 hyphenation exceptions out of 8191
 84i,19n,87p,1097b,2407s stack positions out of 10000i,1000n,20000p,200000b,200000s
</usr/local/texlive/2025/texmf-dist/fonts/type1/public/amsfonts/cm/cmmi10.pfb></usr/local/texlive/2025/texmf-dist/fonts/type1/public/amsfonts/cm/cmmi7.pfb></usr/local/texlive/2025/texmf-dist/fonts/type1/public/amsfonts/cm/cmmi8.pfb></usr/local/texlive/2025/texmf-dist/fonts/type1/public/amsfonts/cm/cmmi9.pfb></usr/local/texlive/2025/texmf-dist/fonts/type1/public/amsfonts/cm/cmr10.pfb></usr/local/texlive/2025/texmf-dist/fonts/type1/public/amsfonts/cm/cmr7.pfb></usr/local/texlive/2025/texmf-dist/fonts/type1/public/amsfonts/cm/cmr8.pfb></usr/local/texlive/2025/texmf-dist/fonts/type1/public/amsfonts/cm/cmr9.pfb></usr/local/texlive/2025/texmf-dist/fonts/type1/public/amsfonts/cm/cmsy10.pfb></usr/local/texlive/2025/texmf-dist/fonts/type1/public/amsfonts/cm/cmsy7.pfb></usr/local/texlive/2025/texmf-dist/fonts/type1/public/amsfonts/cm/cmsy8.pfb></usr/local/texlive/2025/texmf-dist/fonts/type1/urw/courier/ucrr8a.pfb></usr/local/texlive/2025/texmf-dist/fonts/type1/urw/helvetic/uhvb8a.pfb></usr/local/texlive/2025/texmf-dist/fonts/type1/urw/helvetic/uhvr8a.pfb></usr/local/texlive/2025/texmf-dist/fonts/type1/urw/helvetic/uhvro8a.pfb></usr/local/texlive/2025/texmf-dist/fonts/type1/urw/palatino/uplb8a.pfb></usr/local/texlive/2025/texmf-dist/fonts/type1/urw/palatino/uplr8a.pfb></usr/local/texlive/2025/texmf-dist/fonts/type1/urw/zapfding/uzdr.pfb>
Output written on report.pdf (12 pages, 287956 bytes).
PDF statistics:
 286 PDF objects out of 1000 (max. 8388607)
 233 compressed objects within 3 object streams
 120 named destinations out of 1000 (max. 500000)
 97805 words of extra memory for PDF output out of 106986 (max. 10000000)

